Serious-Sam-Android v1.04.0 (1040)
Signign as 'release'
:app:checkReleaseClasspath
:app:preBuild UP-TO-DATE
:app:preReleaseBuild
:app:compileReleaseAidl NO-SOURCE
:app:compileReleaseRenderscript
:app:checkReleaseManifest
:app:generateReleaseBuildConfig
:app:prepareLintJar UP-TO-DATE
:app:mainApkListPersistenceRelease
:app:generateReleaseResValues
:app:generateReleaseResources
:app:mergeReleaseResources
:app:createReleaseCompatibleScreenManifests
:app:processReleaseManifest
:app:splitsDiscoveryTaskRelease
:app:processReleaseResources
:app:generateReleaseSources
:app:javaPreCompileRelease
:app:compileReleaseJavaWithJavac
:app:generateJsonModelRelease UP-TO-DATE
:app:externalNativeBuildRelease
Build GameMP armeabi-v7a
[1/544] Building CXX object Serious-Engine/Sources/amp11lib/CMakeFiles/amp11lib.dir/binfile/binfarc.cpp.o
[2/544] Building CXX object Serious-Engine/Sources/amp11lib/CMakeFiles/amp11lib.dir/binfile/binfstd.cpp.o
[3/544] Building CXX object Serious-Engine/Sources/amp11lib/CMakeFiles/amp11lib.dir/amp1dec.cpp.o
[4/544] Building CXX object Serious-Engine/Sources/amp11lib/CMakeFiles/amp11lib.dir/amp11lib.cpp.o
[5/544] Building CXX object Serious-Engine/Sources/amp11lib/CMakeFiles/amp11lib.dir/amp2dec.cpp.o
[6/544] Building CXX object Serious-Engine/Sources/amp11lib/CMakeFiles/amp11lib.dir/ampdec.cpp.o
[7/544] Building CXX object Serious-Engine/Sources/amp11lib/CMakeFiles/amp11lib.dir/binfile/binfile.cpp.o
[8/544] Building CXX object Serious-Engine/Sources/AndroidAdapters/CMakeFiles/android-adapters.dir/gles_glMessageCallback.cpp.o
[9/544] Building C object Serious-Engine/Sources/libvorbis/CMakeFiles/vorbis.dir/lib/analysis.c.o
[10/544] Building CXX object Serious-Engine/Sources/AndroidAdapters/CMakeFiles/android-adapters.dir/commons.cpp.o
[11/544] Building C object Serious-Engine/Sources/libvorbis/CMakeFiles/vorbis.dir/lib/bitrate.c.o
[12/544] Building CXX object Serious-Engine/Sources/amp11lib/CMakeFiles/amp11lib.dir/amp3dec.cpp.o
[13/544] Building C object Serious-Engine/Sources/libvorbis/CMakeFiles/vorbis.dir/lib/codebook.c.o
[14/544] Building C object Serious-Engine/Sources/libvorbis/CMakeFiles/vorbis.dir/lib/envelope.c.o
[15/544] Building CXX object Serious-Engine/Sources/amp11lib/CMakeFiles/amp11lib.dir/ampsynth.cpp.o
[16/544] Building C object Serious-Engine/Sources/libvorbis/CMakeFiles/vorbis.dir/lib/floor0.c.o
[17/544] Linking CXX shared library ../../../../build/intermediates/cmake/release/obj/armeabi-v7a/libamp11lib.so
[18/544] Building C object Serious-Engine/Sources/libvorbis/CMakeFiles/vorbis.dir/lib/lookup.c.o
[19/544] Building C object Serious-Engine/Sources/libvorbis/CMakeFiles/vorbis.dir/lib/block.c.o
[20/544] Building C object Serious-Engine/Sources/libvorbis/CMakeFiles/vorbis.dir/lib/lpc.c.o
[21/544] Building C object Serious-Engine/Sources/libvorbis/CMakeFiles/vorbis.dir/lib/info.c.o
[22/544] Building C object Serious-Engine/Sources/libvorbis/CMakeFiles/vorbis.dir/lib/lsp.c.o
[23/544] Building C object Serious-Engine/Sources/libvorbis/CMakeFiles/vorbis.dir/lib/mapping0.c.o
[24/544] Building C object Serious-Engine/Sources/libvorbis/CMakeFiles/vorbis.dir/lib/registry.c.o
[25/544] Building C object Serious-Engine/Sources/libvorbis/CMakeFiles/vorbis.dir/lib/floor1.c.o
[26/544] Building C object Serious-Engine/Sources/libvorbis/CMakeFiles/vorbis.dir/lib/smallft.c.o
[27/544] Building C object Serious-Engine/Sources/libvorbis/CMakeFiles/vorbis.dir/lib/synthesis.c.o
[28/544] Building C object Serious-Engine/Sources/libvorbis/CMakeFiles/vorbis.dir/lib/window.c.o
[29/544] Building CXX object Serious-Engine/Sources/AndroidAdapters/CMakeFiles/android-adapters.dir/gles_adapter_unused.cpp.o
[30/544] Building C object Serious-Engine/Sources/libvorbis/CMakeFiles/vorbis.dir/lib/mdct.c.o
[31/544] Building C object Serious-Engine/Sources/libvorbis/CMakeFiles/vorbis.dir/lib/sharedbook.c.o
[32/544] Generating ../../Gen/Engine/Ska/smcPars.cpp
/root/Serious-Sam-Android/Serious-Engine/Sources/Engine/Ska/smcPars.y contains 1 useless nonterminal and 1 useless rule.
/root/Serious-Sam-Android/Serious-Engine/Sources/Engine/Ska/smcPars.y contains 24 shift/reduce conflicts and 27 reduce/reduce conflicts.
[33/544] Generating ../../Gen/Engine/Ska/smcScan.cpp
[34/544] Building C object Serious-Engine/Sources/libogg/CMakeFiles/libogg.dir/src/bitwise.c.o
[35/544] Generating ../../Gen/Engine/Base/Parser.cpp
/root/Serious-Sam-Android/Serious-Engine/Sources/Engine/Base/Parser.y contains 1 shift/reduce conflict and 24 reduce/reduce conflicts.
[36/544] Generating ../../Gen/Engine/Base/Scanner.cpp
[37/544] Generating ../../Gen/Engine/Classes/PlayerEntity.cpp
Compiling /root/Serious-Sam-Android/Serious-Engine/Sources/Engine/Classes/PlayerEntity.es
[38/544] Building C object Serious-Engine/Sources/libvorbis/CMakeFiles/vorbis.dir/lib/res0.c.o
[39/544] Generating ../../Gen/Engine/Classes/MovableBrushEntity.cpp
Compiling /root/Serious-Sam-Android/Serious-Engine/Sources/Engine/Classes/MovableBrushEntity.es
[40/544] Generating ../../Gen/Engine/Classes/MovableModelEntity.cpp
Compiling /root/Serious-Sam-Android/Serious-Engine/Sources/Engine/Classes/MovableModelEntity.es
[41/544] Generating ../../Gen/Engine/Classes/MovableEntity.cpp
Compiling /root/Serious-Sam-Android/Serious-Engine/Sources/Engine/Classes/MovableEntity.es
[42/544] Generating ../../Gen/Engine/Classes/BaseEvents.cpp
Compiling /root/Serious-Sam-Android/Serious-Engine/Sources/Engine/Classes/BaseEvents.es
[43/544] Building CXX object Serious-Engine/Sources/AndroidAdapters/CMakeFiles/android-adapters.dir/gles_adapter.cpp.o
[44/544] Building C object Serious-Engine/Sources/libogg/CMakeFiles/libogg.dir/src/framing.c.o
[45/544] Linking CXX static library Serious-Engine/Sources/AndroidAdapters/libandroid-adapters.a
[46/544] Building CXX object Serious-Engine/Sources/Engine/CMakeFiles/Engine.dir/Math/Functions.cpp.o
[47/544] Linking C static library Serious-Engine/Sources/libogg/liblibogg.a
[48/544] Building C object Serious-Engine/Sources/libvorbis/CMakeFiles/vorbis.dir/lib/psy.c.o
[49/544] Building CXX object Serious-Engine/Sources/Engine/CMakeFiles/Engine.dir/Base/Serial.cpp.o
[50/544] Building CXX object Serious-Engine/Sources/Engine/CMakeFiles/Engine.dir/Base/Console.cpp.o
[51/544] Building CXX object Serious-Engine/Sources/Engine/CMakeFiles/Engine.dir/Base/Changeable.cpp.o
[52/544] Building CXX object Serious-Engine/Sources/Engine/CMakeFiles/Engine.dir/Base/CRC.cpp.o
[53/544] Building C object Serious-Engine/Sources/libvorbis/CMakeFiles/vorbis.dir/lib/vorbisfile.c.o
[54/544] Building CXX object Serious-Engine/Sources/Engine/CMakeFiles/Engine.dir/Base/CTString.cpp.o
[55/544] Building CXX object Serious-Engine/Sources/Engine/CMakeFiles/Engine.dir/Base/Directory.cpp.o
[56/544] Building CXX object Serious-Engine/Sources/Engine/CMakeFiles/Engine.dir/Base/CRCTable.cpp.o
[57/544] Building CXX object Serious-Engine/Sources/Engine/CMakeFiles/Engine.dir/Base/IFeel.cpp.o
[58/544] Building CXX object Serious-Engine/Sources/Engine/CMakeFiles/Engine.dir/Base/Anim.cpp.o
[59/544] Building CXX object Serious-Engine/Sources/Engine/CMakeFiles/Engine.dir/Base/Lists.cpp.o
[60/544] Building CXX object Serious-Engine/Sources/Engine/CMakeFiles/Engine.dir/Base/Memory.cpp.o
[61/544] Building CXX object Serious-Engine/Sources/Engine/CMakeFiles/Engine.dir/Base/Protection.cpp.o
[62/544] Building CXX object Serious-Engine/Sources/Engine/CMakeFiles/Engine.dir/Base/Relations.cpp.o
[63/544] Building CXX object Serious-Engine/Sources/Engine/CMakeFiles/Engine.dir/Base/FileName.cpp.o
[64/544] Building CXX object Serious-Engine/Sources/Engine/CMakeFiles/Engine.dir/Base/iconvlite.cpp.o
[65/544] Building CXX object Serious-Engine/Sources/Engine/CMakeFiles/Engine.dir/Base/Profiling.cpp.o
[66/544] Building CXX object Serious-Engine/Sources/Engine/CMakeFiles/Engine.dir/Base/ProgressHook.cpp.o
[67/544] Building CXX object Serious-Engine/Sources/Engine/CMakeFiles/Engine.dir/Base/ShellTypes.cpp.o
[68/544] Building C object Serious-Engine/Sources/libvorbis/CMakeFiles/vorbis.dir/lib/vorbisenc.c.o
[69/544] Building CXX object Serious-Engine/Sources/Engine/CMakeFiles/Engine.dir/Base/Timer.cpp.o
[70/544] Linking C shared library ../../../../build/intermediates/cmake/release/obj/armeabi-v7a/libvorbis.so
[71/544] Building CXX object Serious-Engine/Sources/Engine/CMakeFiles/Engine.dir/Base/Unzip.cpp.o
[72/544] Building CXX object Serious-Engine/Sources/Engine/CMakeFiles/Engine.dir/Math/Float.cpp.o
[73/544] Building CXX object Serious-Engine/Sources/Engine/CMakeFiles/Engine.dir/Base/Updateable.cpp.o
[74/544] Building CXX object Serious-Engine/Sources/Engine/CMakeFiles/Engine.dir/Base/Translation.cpp.o
[75/544] Building CXX object Serious-Engine/Sources/Engine/CMakeFiles/Engine.dir/Base/Statistics.cpp.o
[76/544] Building CXX object Serious-Engine/Sources/Engine/CMakeFiles/Engine.dir/Math/Object3D.cpp.o
[77/544] Building CXX object Serious-Engine/Sources/Engine/CMakeFiles/Engine.dir/Math/Geometry.cpp.o
[78/544] Building CXX object Serious-Engine/Sources/Engine/CMakeFiles/Engine.dir/Base/ReplaceFile.cpp.o
[79/544] Building CXX object Serious-Engine/Sources/Engine/CMakeFiles/Engine.dir/Math/Geometry_DOUBLE.cpp.o
[80/544] Building CXX object Serious-Engine/Sources/Engine/CMakeFiles/Engine.dir/Base/Shell.cpp.o
[81/544] Building CXX object Serious-Engine/Sources/Engine/CMakeFiles/Engine.dir/Base/Stream.cpp.o
[82/544] Building CXX object Serious-Engine/Sources/Engine/CMakeFiles/Engine.dir/Math/Placement.cpp.o
[83/544] Building CXX object Serious-Engine/Sources/Engine/CMakeFiles/Engine.dir/Math/Projection.cpp.o
[84/544] Building CXX object Serious-Engine/Sources/Engine/CMakeFiles/Engine.dir/Math/Projection_Isometric.cpp.o
[85/544] Building CXX object Serious-Engine/Sources/Engine/CMakeFiles/Engine.dir/Graphics/Color.cpp.o
[86/544] Building CXX object Serious-Engine/Sources/Engine/CMakeFiles/Engine.dir/Math/Object3D_IO.cpp.o
[87/544] Building CXX object Serious-Engine/Sources/Engine/CMakeFiles/Engine.dir/Math/Projection_Parallel.cpp.o
[88/544] Building CXX object Serious-Engine/Sources/Engine/CMakeFiles/Engine.dir/Math/Projection_Simple.cpp.o
[89/544] Building CXX object Serious-Engine/Sources/Engine/CMakeFiles/Engine.dir/Engine.cpp.o
../../../../../Serious-Engine/Sources/Engine/Engine.cpp:235:11: warning: >> Remove this from SE_InitEngine : _bWorldEditorApp [-W#pragma-messages]
  #pragma message(">> Remove this from SE_InitEngine : _bWorldEditorApp")
          ^
1 warning generated.
[90/544] Building CXX object Serious-Engine/Sources/Engine/CMakeFiles/Engine.dir/Math/Projection_Simple_DOUBLE.cpp.o
[91/544] Building CXX object Serious-Engine/Sources/Engine/CMakeFiles/Engine.dir/Graphics/Gfx_Direct3D_Colors.cpp.o
[92/544] Building CXX object Serious-Engine/Sources/Engine/CMakeFiles/Engine.dir/Math/Projection_Perspective.cpp.o
[93/544] Building CXX object Serious-Engine/Sources/Engine/CMakeFiles/Engine.dir/Math/TextureMapping.cpp.o
[94/544] Building CXX object Serious-Engine/Sources/Engine/CMakeFiles/Engine.dir/Graphics/DisplayMode.cpp.o
[95/544] Building CXX object Serious-Engine/Sources/Engine/CMakeFiles/Engine.dir/Entities/FieldBSPTesting.cpp.o
[96/544] Building CXX object Serious-Engine/Sources/Engine/CMakeFiles/Engine.dir/Graphics/DepthCheck.cpp.o
[97/544] Building CXX object Serious-Engine/Sources/Engine/CMakeFiles/Engine.dir/Graphics/DrawPort_Particles.cpp.o
[98/544] Building CXX object Serious-Engine/Sources/Engine/CMakeFiles/Engine.dir/Graphics/Gfx_OpenGL_Textures.cpp.o
[99/544] Building CXX object Serious-Engine/Sources/Engine/CMakeFiles/Engine.dir/Math/Object3D_CSG.cpp.o
[100/544] Building CXX object Serious-Engine/Sources/Engine/CMakeFiles/Engine.dir/Graphics/Gfx_Direct3D.cpp.o
[101/544] Building CXX object Serious-Engine/Sources/Engine/CMakeFiles/Engine.dir/Graphics/Fog.cpp.o
[102/544] Building CXX object Serious-Engine/Sources/Engine/CMakeFiles/Engine.dir/Graphics/Font.cpp.o
[103/544] Building CXX object Serious-Engine/Sources/Engine/CMakeFiles/Engine.dir/Graphics/Gfx_Direct3D_Textures.cpp.o
[104/544] Building CXX object Serious-Engine/Sources/Engine/CMakeFiles/Engine.dir/Sound/Wave.cpp.o
[105/544] Building CXX object Serious-Engine/Sources/Engine/CMakeFiles/Engine.dir/Graphics/Gfx_OpenGL_Shaders.cpp.o
[106/544] Building CXX object Serious-Engine/Sources/Engine/CMakeFiles/Engine.dir/Graphics/DrawPort_RenderScene.cpp.o
[107/544] Building CXX object Serious-Engine/Sources/Engine/CMakeFiles/Engine.dir/Graphics/GfxProfile.cpp.o
[108/544] Building CXX object Serious-Engine/Sources/Engine/CMakeFiles/Engine.dir/Graphics/Gfx_OpenGL.cpp.o
[109/544] Building CXX object Serious-Engine/Sources/Engine/CMakeFiles/Engine.dir/Graphics/DrawPort.cpp.o
[110/544] Building CXX object Serious-Engine/Sources/Engine/CMakeFiles/Engine.dir/Graphics/Raster.cpp.o
[111/544] Building CXX object Serious-Engine/Sources/Engine/CMakeFiles/Engine.dir/Graphics/ImageInfo.cpp.o
[112/544] Building CXX object Serious-Engine/Sources/Engine/CMakeFiles/Engine.dir/Graphics/Gfx_wrapper.cpp.o
[113/544] Building CXX object Serious-Engine/Sources/Engine/CMakeFiles/Engine.dir/Math/ObjectSector.cpp.o
[114/544] Building CXX object Serious-Engine/Sources/Engine/CMakeFiles/Engine.dir/Graphics/TextureEffects.cpp.o
[115/544] Building CXX object Serious-Engine/Sources/Engine/CMakeFiles/Engine.dir/Graphics/Shader.cpp.o
[116/544] Building CXX object Serious-Engine/Sources/Engine/CMakeFiles/Engine.dir/Graphics/Stereo.cpp.o
[117/544] Building CXX object Serious-Engine/Sources/Engine/CMakeFiles/Engine.dir/Graphics/TextureRender.cpp.o
[118/544] Building CXX object Serious-Engine/Sources/Engine/CMakeFiles/Engine.dir/Graphics/ShadowMap.cpp.o
[119/544] Building CXX object Serious-Engine/Sources/Engine/CMakeFiles/Engine.dir/Graphics/Graphics.cpp.o
[120/544] Building CXX object Serious-Engine/Sources/Engine/CMakeFiles/Engine.dir/Sound/SoundData.cpp.o
[121/544] Building CXX object Serious-Engine/Sources/Engine/CMakeFiles/Engine.dir/Graphics/GfxLibrary.cpp.o
../../../../../Serious-Engine/Sources/Engine/Graphics/GfxLibrary.cpp:304:9: warning: >> doublecheck me!!! [-W#pragma-messages]
#pragma message(">> doublecheck me!!!")
        ^
1 warning generated.
[122/544] Building CXX object Serious-Engine/Sources/Engine/CMakeFiles/Engine.dir/Models/Normals.cpp.o
[123/544] Building CXX object Serious-Engine/Sources/Engine/CMakeFiles/Engine.dir/Sound/SoundDecoder.cpp.o
[124/544] Building CXX object Serious-Engine/Sources/Engine/CMakeFiles/Engine.dir/Sound/SoundProfile.cpp.o
[125/544] Building CXX object Serious-Engine/Sources/Engine/CMakeFiles/Engine.dir/Sound/SoundMixer.cpp.o
[126/544] Building CXX object Serious-Engine/Sources/Engine/CMakeFiles/Engine.dir/Sound/SoundObject.cpp.o
[127/544] Building CXX object Serious-Engine/Sources/Engine/CMakeFiles/Engine.dir/Graphics/Texture.cpp.o
[128/544] Building CXX object Serious-Engine/Sources/Engine/CMakeFiles/Engine.dir/Models/ModelProfile.cpp.o
[129/544] Building CXX object Serious-Engine/Sources/Engine/CMakeFiles/Engine.dir/Models/RenderModel_Mask.cpp.o
[130/544] Building CXX object Serious-Engine/Sources/Engine/CMakeFiles/Engine.dir/Models/MipMaker.cpp.o
[131/544] Building CXX object Serious-Engine/Sources/Engine/CMakeFiles/Engine.dir/World/WorldCollisionGrid.cpp.o
[132/544] Building CXX object Serious-Engine/Sources/Engine/CMakeFiles/Engine.dir/Models/RenderModel.cpp.o
[133/544] Building CXX object Serious-Engine/Sources/Engine/CMakeFiles/Engine.dir/World/PhysicsProfile.cpp.o
[134/544] Building CXX object Serious-Engine/Sources/Engine/CMakeFiles/Engine.dir/Models/VertexGetting.cpp.o
[135/544] Building CXX object Serious-Engine/Sources/Engine/CMakeFiles/Engine.dir/World/WorldEditingProfile.cpp.o
[136/544] Building CXX object Serious-Engine/Sources/Engine/CMakeFiles/Engine.dir/World/World.cpp.o
[137/544] Building CXX object Serious-Engine/Sources/Engine/CMakeFiles/Engine.dir/World/WorldCollision.cpp.o
[138/544] Building CXX object Serious-Engine/Sources/Engine/CMakeFiles/Engine.dir/Templates/NameTable_CTranslationPair.cpp.o
[139/544] Building CXX object Serious-Engine/Sources/Engine/CMakeFiles/Engine.dir/World/WorldIO.cpp.o
[140/544] Building CXX object Serious-Engine/Sources/Engine/CMakeFiles/Engine.dir/Models/Model.cpp.o
[141/544] Building CXX object Serious-Engine/Sources/Engine/CMakeFiles/Engine.dir/Templates/BSP.cpp.o
[142/544] Building CXX object Serious-Engine/Sources/Engine/CMakeFiles/Engine.dir/Templates/NameTable_CTFileName.cpp.o
[143/544] Building CXX object Serious-Engine/Sources/Engine/CMakeFiles/Engine.dir/Models/EditModel.cpp.o
[144/544] Building CXX object Serious-Engine/Sources/Engine/CMakeFiles/Engine.dir/Models/RenderModel_View.cpp.o
[145/544] Building CXX object Serious-Engine/Sources/Engine/CMakeFiles/Engine.dir/World/WorldCSG.cpp.o
[146/544] Building CXX object Serious-Engine/Sources/Engine/CMakeFiles/Engine.dir/Templates/Stock_CModelData.cpp.o
[147/544] Building CXX object Serious-Engine/Sources/Engine/CMakeFiles/Engine.dir/Templates/Stock_CAnimData.cpp.o
[148/544] Building CXX object Serious-Engine/Sources/Engine/CMakeFiles/Engine.dir/Templates/Stock_CAnimSet.cpp.o
[149/544] Building CXX object Serious-Engine/Sources/Engine/CMakeFiles/Engine.dir/Templates/Stock_CEntityClass.cpp.o
[150/544] Building CXX object Serious-Engine/Sources/Engine/CMakeFiles/Engine.dir/Network/ClientInterface.cpp.o
[151/544] Building CXX object Serious-Engine/Sources/Engine/CMakeFiles/Engine.dir/World/WorldRayCasting.cpp.o
[152/544] Building CXX object Serious-Engine/Sources/Engine/CMakeFiles/Engine.dir/Templates/Stock_CShader.cpp.o
[153/544] Building CXX object Serious-Engine/Sources/Engine/CMakeFiles/Engine.dir/Templates/Stock_CSoundData.cpp.o
[154/544] Building CXX object Serious-Engine/Sources/Engine/CMakeFiles/Engine.dir/Network/ActionBuffer.cpp.o
[155/544] Building CXX object Serious-Engine/Sources/Engine/CMakeFiles/Engine.dir/Templates/Stock_CSkeleton.cpp.o
[156/544] Building CXX object Serious-Engine/Sources/Engine/CMakeFiles/Engine.dir/Templates/Stock_CMesh.cpp.o
[157/544] Building CXX object Serious-Engine/Sources/Engine/CMakeFiles/Engine.dir/Templates/Stock_CTextureData.cpp.o
[158/544] Building CXX object Serious-Engine/Sources/Engine/CMakeFiles/Engine.dir/Network/Diff.cpp.o
[159/544] Building CXX object Serious-Engine/Sources/Engine/CMakeFiles/Engine.dir/Network/Compression.cpp.o
[160/544] Building C object Serious-Engine/Sources/Engine/CMakeFiles/Engine.dir/zlib/adler32.c.o
[161/544] Building CXX object Serious-Engine/Sources/Engine/CMakeFiles/Engine.dir/Network/CPacket.cpp.o
[162/544] Building CXX object Serious-Engine/Sources/Engine/CMakeFiles/Engine.dir/Network/NetworkProfile.cpp.o
[163/544] Building CXX object Serious-Engine/Sources/Engine/CMakeFiles/Engine.dir/Network/PlayerBuffer.cpp.o
[164/544] Building CXX object Serious-Engine/Sources/Engine/CMakeFiles/Engine.dir/Network/MessageDispatcher.cpp.o
[165/544] Building CXX object Serious-Engine/Sources/Engine/CMakeFiles/Engine.dir/Network/NetworkMessage.cpp.o
[166/544] Building CXX object Serious-Engine/Sources/Engine/CMakeFiles/Engine.dir/Network/PlayerTarget.cpp.o
[167/544] Building CXX object Serious-Engine/Sources/Engine/CMakeFiles/Engine.dir/Network/PlayerSource.cpp.o
[168/544] Building CXX object Serious-Engine/Sources/Engine/CMakeFiles/Engine.dir/Rendering/RenderProfile.cpp.o
[169/544] Building CXX object Serious-Engine/Sources/Engine/CMakeFiles/Engine.dir/Rendering/SelectOnRender.cpp.o
[170/544] Building CXX object Serious-Engine/Sources/Engine/CMakeFiles/Engine.dir/Network/Server.cpp.o
[171/544] Building CXX object Serious-Engine/Sources/Engine/CMakeFiles/Engine.dir/Entities/EntityCollision.cpp.o
[172/544] Building CXX object Serious-Engine/Sources/Engine/CMakeFiles/Engine.dir/Entities/EntityClass.cpp.o
[173/544] Building CXX object Serious-Engine/Sources/Engine/CMakeFiles/Engine.dir/Entities/EntityProperties.cpp.o
[174/544] Building CXX object Serious-Engine/Sources/Engine/CMakeFiles/Engine.dir/Entities/LastPositions.cpp.o
[175/544] Building CXX object Serious-Engine/Sources/Engine/CMakeFiles/Engine.dir/Entities/EntityCopying.cpp.o
../../../../../Serious-Engine/Sources/Engine/Entities/EntityCopying.cpp:163:13: warning: >> CEntity::Copy [-W#pragma-messages]
    #pragma message(">> CEntity::Copy")
            ^
1 warning generated.
[176/544] Building CXX object Serious-Engine/Sources/Engine/CMakeFiles/Engine.dir/Entities/NearestPolygon.cpp.o
[177/544] Building CXX object Serious-Engine/Sources/Engine/CMakeFiles/Engine.dir/Network/SessionState.cpp.o
[178/544] Building CXX object Serious-Engine/Sources/Engine/CMakeFiles/Engine.dir/Network/Network.cpp.o
[179/544] Building CXX object Serious-Engine/Sources/Engine/CMakeFiles/Engine.dir/Brushes/Brush.cpp.o
[180/544] Building CXX object Serious-Engine/Sources/Engine/CMakeFiles/Engine.dir/Brushes/BrushTriangularize.cpp.o
[181/544] Building CXX object Serious-Engine/Sources/Engine/CMakeFiles/Engine.dir/Brushes/BrushImport.cpp.o
[182/544] Building CXX object Serious-Engine/Sources/Engine/CMakeFiles/Engine.dir/Brushes/BrushExport.cpp.o
[183/544] Building CXX object Serious-Engine/Sources/Engine/CMakeFiles/Engine.dir/Entities/PlayerCharacter.cpp.o
[184/544] Building CXX object Serious-Engine/Sources/Engine/CMakeFiles/Engine.dir/Brushes/BrushMip.cpp.o
[185/544] Building CXX object Serious-Engine/Sources/Engine/CMakeFiles/Engine.dir/Brushes/BrushShadows.cpp.o
[186/544] Building CXX object Serious-Engine/Sources/Engine/CMakeFiles/Engine.dir/Brushes/BrushPolygon.cpp.o
[187/544] Building CXX object Serious-Engine/Sources/Engine/CMakeFiles/Engine.dir/Brushes/BrushArchive.cpp.o
[188/544] Building CXX object Serious-Engine/Sources/Engine/CMakeFiles/Engine.dir/Light/LayerMixer.cpp.o
[189/544] Building CXX object Serious-Engine/Sources/Engine/CMakeFiles/Engine.dir/Light/LayerMaker.cpp.o
../../../../../Serious-Engine/Sources/Engine/Light/LayerMaker.cpp:734:44: warning: binding dereferenced null pointer to reference has undefined behavior [-Wnull-dereference]
    ulLighted&=RenderShadows(*lm_pwoWorld, *(CEntity*)NULL, apr,
                                           ^~~~~~~~~~~~~~~
../../../../../Serious-Engine/Sources/Engine/Light/LayerMaker.cpp:792:46: warning: binding dereferenced null pointer to reference has undefined behavior [-Wnull-dereference]
      ulLighted&=RenderShadows(*lm_pwoWorld, *(CEntity*)NULL, apr, box,
                                             ^~~~~~~~~~~~~~~
2 warnings generated.
[190/544] Building C object Serious-Engine/Sources/Engine/CMakeFiles/Engine.dir/zlib/compress.c.o
[191/544] Building C object Serious-Engine/Sources/Engine/CMakeFiles/Engine.dir/zlib/infblock.c.o
[192/544] Building CXX object Serious-Engine/Sources/Engine/CMakeFiles/Engine.dir/Entities/Entity.cpp.o
[193/544] Building CXX object Serious-Engine/Sources/Engine/CMakeFiles/Engine.dir/Brushes/BrushIO.cpp.o
[194/544] Building C object Serious-Engine/Sources/Engine/CMakeFiles/Engine.dir/zlib/infcodes.c.o
[195/544] Building C object Serious-Engine/Sources/Engine/CMakeFiles/Engine.dir/zlib/deflate.c.o
[196/544] Building C object Serious-Engine/Sources/Engine/CMakeFiles/Engine.dir/zlib/inflate.c.o
[197/544] Building C object Serious-Engine/Sources/Engine/CMakeFiles/Engine.dir/zlib/inffast.c.o
[198/544] Building C object Serious-Engine/Sources/Engine/CMakeFiles/Engine.dir/zlib/infutil.c.o
[199/544] Building C object Serious-Engine/Sources/Engine/CMakeFiles/Engine.dir/zlib/inftrees.c.o
[200/544] Building C object Serious-Engine/Sources/Engine/CMakeFiles/Engine.dir/zlib/zutil.c.o
[201/544] Building C object Serious-Engine/Sources/Engine/CMakeFiles/Engine.dir/zlib/uncompr.c.o
[202/544] Building CXX object Serious-Engine/Sources/Engine/CMakeFiles/Engine.dir/Rendering/Render.cpp.o
In file included from ../../../../../Serious-Engine/Sources/Engine/Rendering/Render.cpp:253:
../../../../../Serious-Engine/Sources/Engine/Rendering/RenderAdding.cpp:627:15: warning: >> Is terrain visible [-W#pragma-messages]
      #pragma message(">> Is terrain visible")
              ^
1 warning generated.
[203/544] Building CXX object Serious-Engine/Sources/Engine/CMakeFiles/Engine.dir/Brushes/BrushSector.cpp.o
[204/544] Building C object Serious-Engine/Sources/Engine/CMakeFiles/Engine.dir/zlib/trees.c.o
[205/544] Building CXX object Serious-Engine/Sources/Engine/CMakeFiles/Engine.dir/Ska/Skeleton.cpp.o
[206/544] Building CXX object Serious-Engine/Sources/Engine/CMakeFiles/Engine.dir/StdH.cpp.o
[207/544] Building CXX object Serious-Engine/Sources/Engine/CMakeFiles/Engine.dir/Ska/RMRender.cpp.o
../../../../../Serious-Engine/Sources/Engine/Ska/RMRender.cpp:466:17: warning: >> Fix this [-W#pragma-messages]
        #pragma message(">> Fix this")
                ^
../../../../../Serious-Engine/Sources/Engine/Ska/RMRender.cpp:1318:13: warning: >> Check if this is ok [-W#pragma-messages]
    #pragma message(">> Check if this is ok")
            ^
../../../../../Serious-Engine/Sources/Engine/Ska/RMRender.cpp:2138:17: warning: >> FIX THIS !!! [-W#pragma-messages]
        #pragma message(">> FIX THIS !!!")
                ^
../../../../../Serious-Engine/Sources/Engine/Ska/RMRender.cpp:2371:15: warning: >> Fix face forward meshes, when objects are left in object space [-W#pragma-messages]
      #pragma message(">> Fix face forward meshes, when objects are left in object space")
              ^
../../../../../Serious-Engine/Sources/Engine/Ska/RMRender.cpp:2564:11: warning: >> Add ska_bShowActiveBones [-W#pragma-messages]
  #pragma message(">> Add ska_bShowActiveBones")
          ^
5 warnings generated.
[208/544] Building CXX object Serious-Engine/Sources/Engine/CMakeFiles/Engine.dir/Terrain/TerrainArchive.cpp.o
[209/544] Building CXX object Serious-Engine/Sources/Engine/CMakeFiles/Engine.dir/Ska/RMRenderMask.cpp.o
[210/544] Building CXX object Serious-Engine/Sources/Engine/CMakeFiles/Engine.dir/Ska/AnimSet.cpp.o
[211/544] Building CXX object Serious-Engine/Sources/Engine/CMakeFiles/Engine.dir/Ska/StringTable.cpp.o
[212/544] Building CXX object Serious-Engine/Sources/Engine/CMakeFiles/Engine.dir/Light/LightSource.cpp.o
[213/544] Building CXX object Serious-Engine/Sources/Engine/CMakeFiles/Engine.dir/Ska/ModelInstance.cpp.o
../../../../../Serious-Engine/Sources/Engine/Ska/ModelInstance.cpp:906:11: warning: >> IsModelVisible [-W#pragma-messages]
  #pragma message(">> IsModelVisible")
          ^
../../../../../Serious-Engine/Sources/Engine/Ska/ModelInstance.cpp:912:11: warning: >> HasShadow [-W#pragma-messages]
  #pragma message(">> HasShadow")
          ^
2 warnings generated.
[214/544] Building CXX object Serious-Engine/Sources/Engine/CMakeFiles/Engine.dir/Terrain/ArrayHolder.cpp.o
[215/544] Building CXX object Serious-Engine/Sources/Engine/CMakeFiles/Engine.dir/Ska/Mesh.cpp.o
[216/544] Building CXX object Serious-Engine/Sources/Engine/CMakeFiles/Engine.dir/Terrain/TerrainEditing.cpp.o
[217/544] Building CXX object Serious-Engine/Sources/Engine/CMakeFiles/Engine.dir/Terrain/TerrainLayer.cpp.o
[218/544] Building CXX object Serious-Engine/Sources/Engine/CMakeFiles/Engine.dir/Base/Synchronization_win32_fallback.cpp.o
[219/544] Building CXX object Serious-Engine/Sources/Engine/CMakeFiles/Engine.dir/Terrain/TerrainRayCasting.cpp.o
../../../../../Serious-Engine/Sources/Engine/Terrain/TerrainRayCasting.cpp:200:9: warning: >> Remove defined NUMDIM, RIGHT, LEFT ... [-W#pragma-messages]
#pragma message(">> Remove defined NUMDIM, RIGHT, LEFT ...")
        ^
1 warning generated.
[220/544] Building CXX object Serious-Engine/Sources/Engine/CMakeFiles/Engine.dir/Base/Synchronization.cpp.o
[221/544] Building CXX object Serious-Engine/Sources/Engine/CMakeFiles/Engine.dir/__/__/Gen/Engine/Base/Scanner.cpp.o
[222/544] Building CXX object Serious-Engine/Sources/Engine/CMakeFiles/Engine.dir/__/__/Gen/Engine/Ska/smcScan.cpp.o
[223/544] Building CXX object Serious-Engine/Sources/Engine/CMakeFiles/Engine.dir/Terrain/TerrainMisc.cpp.o
../../../../../Serious-Engine/Sources/Engine/Terrain/TerrainMisc.cpp:46:9: warning: >> Create class with destructor to clear shared topmap memory [-W#pragma-messages]
#pragma message(">> Create class with destructor to clear shared topmap memory")
        ^
../../../../../Serious-Engine/Sources/Engine/Terrain/TerrainMisc.cpp:291:9: warning: >> Remove Rect from ExtractPolygonsInBox [-W#pragma-messages]
#pragma message(">> Remove Rect from ExtractPolygonsInBox")
        ^
2 warnings generated.
[224/544] Building CXX object Serious-Engine/Sources/Engine/CMakeFiles/Engine.dir/__/__/Gen/Engine/Ska/smcPars.cpp.o
[225/544] Building CXX object Serious-Engine/Sources/Engine/CMakeFiles/Engine.dir/Terrain/Terrain.cpp.o
../../../../../Serious-Engine/Sources/Engine/Terrain/Terrain.cpp:546:11: warning: >> Clamp dn SetShadowMapsSize [-W#pragma-messages]
  #pragma message(">> Clamp dn SetShadowMapsSize")
          ^
../../../../../Serious-Engine/Sources/Engine/Terrain/Terrain.cpp:1139:11: warning: >> Fix DitherMipmaps [-W#pragma-messages]
  #pragma message(">> Fix DitherMipmaps")
          ^
2 warnings generated.
[226/544] Building CXX object Serious-Engine/Sources/Engine/CMakeFiles/Engine.dir/__/__/Gen/Engine/Base/Parser.cpp.o
[227/544] Building CXX object Serious-Engine/Sources/Engine/CMakeFiles/Engine.dir/Terrain/TerrainTile.cpp.o
[228/544] Building CXX object Serious-Engine/Sources/Engine/CMakeFiles/Engine.dir/__/__/Gen/Engine/Classes/MovableBrushEntity.cpp.o
[229/544] Building CXX object Serious-Engine/Sources/Engine/CMakeFiles/Engine.dir/__/__/Gen/Engine/Classes/BaseEvents.cpp.o
[230/544] Building CXX object Serious-Engine/Sources/Engine/CMakeFiles/Engine.dir/_android/ErrorReporting.cpp.o
[231/544] Building CXX object Serious-Engine/Sources/Engine/CMakeFiles/Engine.dir/Terrain/TerrainRender.cpp.o
../../../../../Serious-Engine/Sources/Engine/Terrain/TerrainRender.cpp:242:17: warning: >> Fix this [-W#pragma-messages]
        #pragma message(">> Fix this")
                ^
../../../../../Serious-Engine/Sources/Engine/Terrain/TerrainRender.cpp:858:9: warning: >> no asm in GetHazeMapInVertex and GetFogMapInVertex [-W#pragma-messages]
#pragma message(">> no asm in GetHazeMapInVertex and GetFogMapInVertex")
        ^
2 warnings generated.
[232/544] Building CXX object Serious-Engine/Sources/Engine/CMakeFiles/Engine.dir/__/__/Gen/Engine/Classes/MovableModelEntity.cpp.o
[233/544] Building CXX object Serious-Engine/Sources/Engine/CMakeFiles/Engine.dir/__/__/Gen/Engine/Classes/PlayerEntity.cpp.o
[234/544] Building CXX object Serious-Engine/Sources/Engine/CMakeFiles/Engine.dir/_android/MultiMonitor.cpp.o
[235/544] Building CXX object Serious-Engine/Sources/Engine/CMakeFiles/Engine.dir/_android/Input.cpp.o
[236/544] Building CXX object Serious-Engine/Sources/Engine/CMakeFiles/Engine.dir/_android/Registry.cpp.o
[237/544] Building CXX object Serious-Engine/Sources/Engine/CMakeFiles/Engine.dir/_android/CGfxLibrary.cpp.o
[238/544] Building CXX object Serious-Engine/Sources/Engine/CMakeFiles/Engine.dir/Network/CommunicationInterface_android.cpp.o
[239/544] Building CXX object Serious-Engine/Sources/Engine/CMakeFiles/Engine.dir/_android/GameAgent.cpp.o
[240/544] Building CXX object Serious-Engine/Sources/Engine/CMakeFiles/Engine.dir/Graphics/ViewPort_android.cpp.o
[241/544] Building CXX object Serious-Engine/Sources/Engine/CMakeFiles/Engine.dir/Sound/SoundLibrary_android.cpp.o
[242/544] Building CXX object Serious-Engine/Sources/Engine/CMakeFiles/Engine.dir/__/__/Gen/Engine/Classes/MovableEntity.cpp.o
[243/544] Linking CXX shared library ../../../../build/intermediates/cmake/release/obj/armeabi-v7a/libEngine.so
[244/544] Generating ../../Gen/EntitiesMP/TacticsHolder.cpp
Compiling /root/Serious-Sam-Android/Serious-Engine/Sources/EntitiesMP/TacticsHolder.es
[245/544] Generating ../../Gen/EntitiesMP/Reminder.cpp
Compiling /root/Serious-Sam-Android/Serious-Engine/Sources/EntitiesMP/Reminder.es
[246/544] Generating ../../Gen/EntitiesMP/Bouncer.cpp
Compiling /root/Serious-Sam-Android/Serious-Engine/Sources/EntitiesMP/Bouncer.es
[247/544] Generating ../../Gen/EntitiesMP/NavigationMarker.cpp
Compiling /root/Serious-Sam-Android/Serious-Engine/Sources/EntitiesMP/NavigationMarker.es
[248/544] Generating ../../Gen/EntitiesMP/EnvironmentBase.cpp
Compiling /root/Serious-Sam-Android/Serious-Engine/Sources/EntitiesMP/EnvironmentBase.es
[249/544] Generating ../../Gen/EntitiesMP/Woman.cpp
Compiling /root/Serious-Sam-Android/Serious-Engine/Sources/EntitiesMP/Woman.es
[250/544] Generating ../../Gen/EntitiesMP/Walker.cpp
Compiling /root/Serious-Sam-Android/Serious-Engine/Sources/EntitiesMP/Walker.es
[251/544] Generating ../../Gen/EntitiesMP/Spinner.cpp
Compiling /root/Serious-Sam-Android/Serious-Engine/Sources/EntitiesMP/Spinner.es
[252/544] Generating ../../Gen/EntitiesMP/TacticsChanger.cpp
Compiling /root/Serious-Sam-Android/Serious-Engine/Sources/EntitiesMP/TacticsChanger.es
[253/544] Generating ../../Gen/EntitiesMP/Terrain.cpp
Compiling /root/Serious-Sam-Android/Serious-Engine/Sources/EntitiesMP/Terrain.es
[254/544] Generating ../../Gen/EntitiesMP/Watcher.cpp
Compiling /root/Serious-Sam-Android/Serious-Engine/Sources/EntitiesMP/Watcher.es
[255/544] Generating ../../Gen/EntitiesMP/DestroyableArchitecture.cpp
Compiling /root/Serious-Sam-Android/Serious-Engine/Sources/EntitiesMP/DestroyableArchitecture.es
[256/544] Generating ../../Gen/EntitiesMP/MovingBrushMarker.cpp
Compiling /root/Serious-Sam-Android/Serious-Engine/Sources/EntitiesMP/MovingBrushMarker.es
[257/544] Generating ../../Gen/EntitiesMP/WatchPlayers.cpp
Compiling /root/Serious-Sam-Android/Serious-Engine/Sources/EntitiesMP/WatchPlayers.es
[258/544] Generating ../../Gen/EntitiesMP/Pendulum.cpp
Compiling /root/Serious-Sam-Android/Serious-Engine/Sources/EntitiesMP/Pendulum.es
[259/544] Generating ../../Gen/EntitiesMP/Ship.cpp
Compiling /root/Serious-Sam-Android/Serious-Engine/Sources/EntitiesMP/Ship.es
[260/544] Generating ../../Gen/EntitiesMP/ShipMarker.cpp
Compiling /root/Serious-Sam-Android/Serious-Engine/Sources/EntitiesMP/ShipMarker.es
[261/544] Generating ../../Gen/EntitiesMP/BlendController.cpp
Compiling /root/Serious-Sam-Android/Serious-Engine/Sources/EntitiesMP/BlendController.es
[262/544] Generating ../../Gen/EntitiesMP/Santa.cpp
Compiling /root/Serious-Sam-Android/Serious-Engine/Sources/EntitiesMP/Santa.es
[263/544] Generating ../../Gen/EntitiesMP/MovingBrush.cpp
Compiling /root/Serious-Sam-Android/Serious-Engine/Sources/EntitiesMP/MovingBrush.es
[264/544] Generating ../../Gen/EntitiesMP/BloodSpray.cpp
Compiling /root/Serious-Sam-Android/Serious-Engine/Sources/EntitiesMP/BloodSpray.es
[265/544] Generating ../../Gen/EntitiesMP/Debris.cpp
Compiling /root/Serious-Sam-Android/Serious-Engine/Sources/EntitiesMP/Debris.es
[266/544] Generating ../../Gen/EntitiesMP/MeteorShower.cpp
Compiling /root/Serious-Sam-Android/Serious-Engine/Sources/EntitiesMP/MeteorShower.es
[267/544] Generating ../../Gen/EntitiesMP/EffectMarker.cpp
Compiling /root/Serious-Sam-Android/Serious-Engine/Sources/EntitiesMP/EffectMarker.es
[268/544] Generating ../../Gen/EntitiesMP/Fireworks.cpp
Compiling /root/Serious-Sam-Android/Serious-Engine/Sources/EntitiesMP/Fireworks.es
[269/544] Generating ../../Gen/EntitiesMP/Effector.cpp
Compiling /root/Serious-Sam-Android/Serious-Engine/Sources/EntitiesMP/Effector.es
[270/544] Generating ../../Gen/EntitiesMP/PyramidSpaceShipMarker.cpp
Compiling /root/Serious-Sam-Android/Serious-Engine/Sources/EntitiesMP/PyramidSpaceShipMarker.es
[271/544] Generating ../../Gen/EntitiesMP/Lightning.cpp
Compiling /root/Serious-Sam-Android/Serious-Engine/Sources/EntitiesMP/Lightning.es
[272/544] Generating ../../Gen/EntitiesMP/PhotoAlbum.cpp
Compiling /root/Serious-Sam-Android/Serious-Engine/Sources/EntitiesMP/PhotoAlbum.es
[273/544] Generating ../../Gen/EntitiesMP/BasicEffects.cpp
Compiling /root/Serious-Sam-Android/Serious-Engine/Sources/EntitiesMP/BasicEffects.es
[274/544] Generating ../../Gen/EntitiesMP/StormController.cpp
Compiling /root/Serious-Sam-Android/Serious-Engine/Sources/EntitiesMP/StormController.es
[275/544] Generating ../../Gen/EntitiesMP/TimeController.cpp
Compiling /root/Serious-Sam-Android/Serious-Engine/Sources/EntitiesMP/TimeController.es
[276/544] Generating ../../Gen/EntitiesMP/WorldSettingsController.cpp
Compiling /root/Serious-Sam-Android/Serious-Engine/Sources/EntitiesMP/WorldSettingsController.es
[277/544] Generating ../../Gen/EntitiesMP/Boneman.cpp
Compiling /root/Serious-Sam-Android/Serious-Engine/Sources/EntitiesMP/Boneman.es
[278/544] Generating ../../Gen/EntitiesMP/Beast.cpp
Compiling /root/Serious-Sam-Android/Serious-Engine/Sources/EntitiesMP/Beast.es
[279/544] Generating ../../Gen/EntitiesMP/AirElemental.cpp
Compiling /root/Serious-Sam-Android/Serious-Engine/Sources/EntitiesMP/AirElemental.es
[280/544] Generating ../../Gen/EntitiesMP/PyramidSpaceShip.cpp
Compiling /root/Serious-Sam-Android/Serious-Engine/Sources/EntitiesMP/PyramidSpaceShip.es
[281/544] Generating ../../Gen/EntitiesMP/BigHead.cpp
Compiling /root/Serious-Sam-Android/Serious-Engine/Sources/EntitiesMP/BigHead.es
[282/544] Generating ../../Gen/EntitiesMP/CannonStatic.cpp
Compiling /root/Serious-Sam-Android/Serious-Engine/Sources/EntitiesMP/CannonStatic.es
[283/544] Generating ../../Gen/EntitiesMP/CannonRotating.cpp
Compiling /root/Serious-Sam-Android/Serious-Engine/Sources/EntitiesMP/CannonRotating.es
[284/544] Generating ../../Gen/EntitiesMP/CrateBus.cpp
Compiling /root/Serious-Sam-Android/Serious-Engine/Sources/EntitiesMP/CrateBus.es
[285/544] Generating ../../Gen/EntitiesMP/CrateRider.cpp
Compiling /root/Serious-Sam-Android/Serious-Engine/Sources/EntitiesMP/CrateRider.es
[286/544] Generating ../../Gen/EntitiesMP/ChainsawFreak.cpp
Compiling /root/Serious-Sam-Android/Serious-Engine/Sources/EntitiesMP/ChainsawFreak.es
[287/544] Generating ../../Gen/EntitiesMP/DevilMarker.cpp
Compiling /root/Serious-Sam-Android/Serious-Engine/Sources/EntitiesMP/DevilMarker.es
[288/544] Generating ../../Gen/EntitiesMP/Demon.cpp
Compiling /root/Serious-Sam-Android/Serious-Engine/Sources/EntitiesMP/Demon.es
[289/544] Generating ../../Gen/EntitiesMP/EnemyFly.cpp
Compiling /root/Serious-Sam-Android/Serious-Engine/Sources/EntitiesMP/EnemyFly.es
[290/544] Generating ../../Gen/EntitiesMP/EnemyCounter.cpp
Compiling /root/Serious-Sam-Android/Serious-Engine/Sources/EntitiesMP/EnemyCounter.es
[291/544] Generating ../../Gen/EntitiesMP/Elemental.cpp
Compiling /root/Serious-Sam-Android/Serious-Engine/Sources/EntitiesMP/Elemental.es
[292/544] Generating ../../Gen/EntitiesMP/RollingStone.cpp
Compiling /root/Serious-Sam-Android/Serious-Engine/Sources/EntitiesMP/RollingStone.es
[293/544] Generating ../../Gen/EntitiesMP/EnemyMarker.cpp
Compiling /root/Serious-Sam-Android/Serious-Engine/Sources/EntitiesMP/EnemyMarker.es
[294/544] Generating ../../Gen/EntitiesMP/EnemyRunInto.cpp
Compiling /root/Serious-Sam-Android/Serious-Engine/Sources/EntitiesMP/EnemyRunInto.es
[295/544] Generating ../../Gen/EntitiesMP/ExotechLarvaBattery.cpp
Compiling /root/Serious-Sam-Android/Serious-Engine/Sources/EntitiesMP/ExotechLarvaBattery.es
[296/544] Generating ../../Gen/EntitiesMP/WorldBase.cpp
Compiling /root/Serious-Sam-Android/Serious-Engine/Sources/EntitiesMP/WorldBase.es
[297/544] Generating ../../Gen/EntitiesMP/EnemyDive.cpp
Compiling /root/Serious-Sam-Android/Serious-Engine/Sources/EntitiesMP/EnemyDive.es
[298/544] Generating ../../Gen/EntitiesMP/ExotechLarvaCharger.cpp
Compiling /root/Serious-Sam-Android/Serious-Engine/Sources/EntitiesMP/ExotechLarvaCharger.es
[299/544] Generating ../../Gen/EntitiesMP/EnemySpawner.cpp
Compiling /root/Serious-Sam-Android/Serious-Engine/Sources/EntitiesMP/EnemySpawner.es
[300/544] Generating ../../Gen/EntitiesMP/Fish.cpp
Compiling /root/Serious-Sam-Android/Serious-Engine/Sources/EntitiesMP/Fish.es
[301/544] Generating ../../Gen/EntitiesMP/Eyeman.cpp
Compiling /root/Serious-Sam-Android/Serious-Engine/Sources/EntitiesMP/Eyeman.es
[302/544] Generating ../../Gen/EntitiesMP/Grunt.cpp
Compiling /root/Serious-Sam-Android/Serious-Engine/Sources/EntitiesMP/Grunt.es
[303/544] Generating ../../Gen/EntitiesMP/Devil.cpp
Compiling /root/Serious-Sam-Android/Serious-Engine/Sources/EntitiesMP/Devil.es
[304/544] Generating ../../Gen/EntitiesMP/EnemyBase.cpp
Compiling /root/Serious-Sam-Android/Serious-Engine/Sources/EntitiesMP/EnemyBase.es
[305/544] Generating ../../Gen/EntitiesMP/ExotechLarva.cpp
Compiling /root/Serious-Sam-Android/Serious-Engine/Sources/EntitiesMP/ExotechLarva.es
[306/544] Generating ../../Gen/EntitiesMP/Gizmo.cpp
Compiling /root/Serious-Sam-Android/Serious-Engine/Sources/EntitiesMP/Gizmo.es
[307/544] Generating ../../Gen/EntitiesMP/GruntSka.cpp
Compiling /root/Serious-Sam-Android/Serious-Engine/Sources/EntitiesMP/GruntSka.es
[308/544] Generating ../../Gen/EntitiesMP/Guffy.cpp
Compiling /root/Serious-Sam-Android/Serious-Engine/Sources/EntitiesMP/Guffy.es
[309/544] Generating ../../Gen/EntitiesMP/Scorpman.cpp
Compiling /root/Serious-Sam-Android/Serious-Engine/Sources/EntitiesMP/Scorpman.es
[310/544] Generating ../../Gen/EntitiesMP/Werebull.cpp
Compiling /root/Serious-Sam-Android/Serious-Engine/Sources/EntitiesMP/Werebull.es
[311/544] Generating ../../Gen/EntitiesMP/Headman.cpp
Compiling /root/Serious-Sam-Android/Serious-Engine/Sources/EntitiesMP/Headman.es
[312/544] Generating ../../Gen/EntitiesMP/Shooter.cpp
Compiling /root/Serious-Sam-Android/Serious-Engine/Sources/EntitiesMP/Shooter.es
[313/544] Generating ../../Gen/EntitiesMP/AmmoPack.cpp
Compiling /root/Serious-Sam-Android/Serious-Engine/Sources/EntitiesMP/AmmoPack.es
[314/544] Generating ../../Gen/EntitiesMP/SummonerMarker.cpp
Compiling /root/Serious-Sam-Android/Serious-Engine/Sources/EntitiesMP/SummonerMarker.es
[315/544] Generating ../../Gen/EntitiesMP/EnvironmentMarker.cpp
Compiling /root/Serious-Sam-Android/Serious-Engine/Sources/EntitiesMP/EnvironmentMarker.es
[316/544] Generating ../../Gen/EntitiesMP/EnvironmentParticlesHolder.cpp
Compiling /root/Serious-Sam-Android/Serious-Engine/Sources/EntitiesMP/EnvironmentParticlesHolder.es
[317/544] Generating ../../Gen/EntitiesMP/Item.cpp
Compiling /root/Serious-Sam-Android/Serious-Engine/Sources/EntitiesMP/Item.es
[318/544] Generating ../../Gen/EntitiesMP/HealthItem.cpp
Compiling /root/Serious-Sam-Android/Serious-Engine/Sources/EntitiesMP/HealthItem.es
[319/544] Generating ../../Gen/EntitiesMP/ArmorItem.cpp
Compiling /root/Serious-Sam-Android/Serious-Engine/Sources/EntitiesMP/ArmorItem.es
[320/544] Generating ../../Gen/EntitiesMP/MessageItem.cpp
Compiling /root/Serious-Sam-Android/Serious-Engine/Sources/EntitiesMP/MessageItem.es
[321/544] Generating ../../Gen/EntitiesMP/AmmoItem.cpp
Compiling /root/Serious-Sam-Android/Serious-Engine/Sources/EntitiesMP/AmmoItem.es
[322/544] Generating ../../Gen/EntitiesMP/PowerUpItem.cpp
Compiling /root/Serious-Sam-Android/Serious-Engine/Sources/EntitiesMP/PowerUpItem.es
[323/544] Generating ../../Gen/EntitiesMP/KeyItem.cpp
Compiling /root/Serious-Sam-Android/Serious-Engine/Sources/EntitiesMP/KeyItem.es
[324/544] Generating ../../Gen/EntitiesMP/Summoner.cpp
Compiling /root/Serious-Sam-Android/Serious-Engine/Sources/EntitiesMP/Summoner.es
[325/544] Generating ../../Gen/EntitiesMP/PlayerActionMarker.cpp
Compiling /root/Serious-Sam-Android/Serious-Engine/Sources/EntitiesMP/PlayerActionMarker.es
[326/544] Generating ../../Gen/EntitiesMP/PlayerWeaponsEffects.cpp
Compiling /root/Serious-Sam-Android/Serious-Engine/Sources/EntitiesMP/PlayerWeaponsEffects.es
[327/544] Generating ../../Gen/EntitiesMP/PlayerMarker.cpp
Compiling /root/Serious-Sam-Android/Serious-Engine/Sources/EntitiesMP/PlayerMarker.es
[328/544] Generating ../../Gen/EntitiesMP/PlayerView.cpp
Compiling /root/Serious-Sam-Android/Serious-Engine/Sources/EntitiesMP/PlayerView.es
[329/544] Generating ../../Gen/EntitiesMP/AnimationHub.cpp
Compiling /root/Serious-Sam-Android/Serious-Engine/Sources/EntitiesMP/AnimationHub.es
[330/544] Generating ../../Gen/EntitiesMP/AnimationChanger.cpp
Compiling /root/Serious-Sam-Android/Serious-Engine/Sources/EntitiesMP/AnimationChanger.es
[331/544] Generating ../../Gen/EntitiesMP/Counter.cpp
Compiling /root/Serious-Sam-Android/Serious-Engine/Sources/EntitiesMP/Counter.es
[332/544] Generating ../../Gen/EntitiesMP/WeaponItem.cpp
Compiling /root/Serious-Sam-Android/Serious-Engine/Sources/EntitiesMP/WeaponItem.es
[333/544] Generating ../../Gen/EntitiesMP/AreaMarker.cpp
Compiling /root/Serious-Sam-Android/Serious-Engine/Sources/EntitiesMP/AreaMarker.es
[334/544] Generating ../../Gen/EntitiesMP/CameraMarker.cpp
Compiling /root/Serious-Sam-Android/Serious-Engine/Sources/EntitiesMP/CameraMarker.es
[335/544] Generating ../../Gen/EntitiesMP/CreditsHolder.cpp
Compiling /root/Serious-Sam-Android/Serious-Engine/Sources/EntitiesMP/CreditsHolder.es
[336/544] Generating ../../Gen/EntitiesMP/Copier.cpp
Compiling /root/Serious-Sam-Android/Serious-Engine/Sources/EntitiesMP/Copier.es
[337/544] Generating ../../Gen/EntitiesMP/PlayerAnimator.cpp
Compiling /root/Serious-Sam-Android/Serious-Engine/Sources/EntitiesMP/PlayerAnimator.es
[338/544] Generating ../../Gen/EntitiesMP/BackgroundViewer.cpp
Compiling /root/Serious-Sam-Android/Serious-Engine/Sources/EntitiesMP/BackgroundViewer.es
[339/544] Generating ../../Gen/EntitiesMP/Eruptor.cpp
Compiling /root/Serious-Sam-Android/Serious-Engine/Sources/EntitiesMP/Eruptor.es
[340/544] Generating ../../Gen/EntitiesMP/DoorController.cpp
Compiling /root/Serious-Sam-Android/Serious-Engine/Sources/EntitiesMP/DoorController.es
[341/544] Generating ../../Gen/EntitiesMP/DebugEntityStatesDisplay.cpp
Compiling /root/Serious-Sam-Android/Serious-Engine/Sources/EntitiesMP/DebugEntityStatesDisplay.es
[342/544] Generating ../../Gen/EntitiesMP/Camera.cpp
Compiling /root/Serious-Sam-Android/Serious-Engine/Sources/EntitiesMP/Camera.es
[343/544] Generating ../../Gen/EntitiesMP/Damager.cpp
Compiling /root/Serious-Sam-Android/Serious-Engine/Sources/EntitiesMP/Damager.es
[344/544] Generating ../../Gen/EntitiesMP/FogMarker.cpp
Compiling /root/Serious-Sam-Android/Serious-Engine/Sources/EntitiesMP/FogMarker.es
[345/544] Generating ../../Gen/EntitiesMP/GradientMarker.cpp
Compiling /root/Serious-Sam-Android/Serious-Engine/Sources/EntitiesMP/GradientMarker.es
[346/544] Generating ../../Gen/EntitiesMP/GravityMarker.cpp
Compiling /root/Serious-Sam-Android/Serious-Engine/Sources/EntitiesMP/GravityMarker.es
[347/544] Generating ../../Gen/EntitiesMP/GravityRouter.cpp
Compiling /root/Serious-Sam-Android/Serious-Engine/Sources/EntitiesMP/GravityRouter.es
[348/544] Generating ../../Gen/EntitiesMP/Marker.cpp
Compiling /root/Serious-Sam-Android/Serious-Engine/Sources/EntitiesMP/Marker.es
[349/544] Generating ../../Gen/EntitiesMP/HazeMarker.cpp
Compiling /root/Serious-Sam-Android/Serious-Engine/Sources/EntitiesMP/HazeMarker.es
[350/544] Generating ../../Gen/EntitiesMP/MessageHolder.cpp
Compiling /root/Serious-Sam-Android/Serious-Engine/Sources/EntitiesMP/MessageHolder.es
[351/544] Generating ../../Gen/EntitiesMP/ModelHolder3.cpp
Compiling /root/Serious-Sam-Android/Serious-Engine/Sources/EntitiesMP/ModelHolder3.es
[352/544] Generating ../../Gen/EntitiesMP/HudPicHolder.cpp
Compiling /root/Serious-Sam-Android/Serious-Engine/Sources/EntitiesMP/HudPicHolder.es
[353/544] Generating ../../Gen/EntitiesMP/Light.cpp
Compiling /root/Serious-Sam-Android/Serious-Engine/Sources/EntitiesMP/Light.es
[354/544] Generating ../../Gen/EntitiesMP/MirrorMarker.cpp
Compiling /root/Serious-Sam-Android/Serious-Engine/Sources/EntitiesMP/MirrorMarker.es
[355/544] Generating ../../Gen/EntitiesMP/ModelHolder.cpp
Compiling /root/Serious-Sam-Android/Serious-Engine/Sources/EntitiesMP/ModelHolder.es
[356/544] Generating ../../Gen/EntitiesMP/ModelDestruction.cpp
Compiling /root/Serious-Sam-Android/Serious-Engine/Sources/EntitiesMP/ModelDestruction.es
[357/544] Generating ../../Gen/EntitiesMP/ScrollHolder.cpp
Compiling /root/Serious-Sam-Android/Serious-Engine/Sources/EntitiesMP/ScrollHolder.es
[358/544] Generating ../../Gen/EntitiesMP/SoundHolder.cpp
Compiling /root/Serious-Sam-Android/Serious-Engine/Sources/EntitiesMP/SoundHolder.es
[359/544] Generating ../../Gen/EntitiesMP/MusicChanger.cpp
Compiling /root/Serious-Sam-Android/Serious-Engine/Sources/EntitiesMP/MusicChanger.es
[360/544] Generating ../../Gen/EntitiesMP/MusicHolder.cpp
Compiling /root/Serious-Sam-Android/Serious-Engine/Sources/EntitiesMP/MusicHolder.es
[361/544] Generating ../../Gen/EntitiesMP/Teleport.cpp
Compiling /root/Serious-Sam-Android/Serious-Engine/Sources/EntitiesMP/Teleport.es
[362/544] Generating ../../Gen/EntitiesMP/ModelHolder2.cpp
Compiling /root/Serious-Sam-Android/Serious-Engine/Sources/EntitiesMP/ModelHolder2.es
[363/544] Generating ../../Gen/EntitiesMP/Switch.cpp
Compiling /root/Serious-Sam-Android/Serious-Engine/Sources/EntitiesMP/Switch.es
[364/544] Generating ../../Gen/EntitiesMP/Trigger.cpp
Compiling /root/Serious-Sam-Android/Serious-Engine/Sources/EntitiesMP/Trigger.es
[365/544] Generating ../../Gen/EntitiesMP/TextFXHolder.cpp
Compiling /root/Serious-Sam-Android/Serious-Engine/Sources/EntitiesMP/TextFXHolder.es
[366/544] Generating ../../Gen/EntitiesMP/WorldLink.cpp
Compiling /root/Serious-Sam-Android/Serious-Engine/Sources/EntitiesMP/WorldLink.es
[367/544] Generating ../../Gen/EntitiesMP/ParticlesHolder.cpp
Compiling /root/Serious-Sam-Android/Serious-Engine/Sources/EntitiesMP/ParticlesHolder.es
[368/544] Generating ../../Gen/EntitiesMP/TouchField.cpp
Compiling /root/Serious-Sam-Android/Serious-Engine/Sources/EntitiesMP/TouchField.es
[369/544] Generating ../../Gen/EntitiesMP/VoiceHolder.cpp
Compiling /root/Serious-Sam-Android/Serious-Engine/Sources/EntitiesMP/VoiceHolder.es
[370/544] Generating ../../Gen/EntitiesMP/DevilProjectile.cpp
Compiling /root/Serious-Sam-Android/Serious-Engine/Sources/EntitiesMP/DevilProjectile.es
[371/544] Generating ../../Gen/EntitiesMP/AirShockwave.cpp
Compiling /root/Serious-Sam-Android/Serious-Engine/Sources/EntitiesMP/AirShockwave.es
[372/544] Generating ../../Gen/EntitiesMP/SeriousBomb.cpp
Compiling /root/Serious-Sam-Android/Serious-Engine/Sources/EntitiesMP/SeriousBomb.es
[373/544] Generating ../../Gen/EntitiesMP/Bullet.cpp
Compiling /root/Serious-Sam-Android/Serious-Engine/Sources/EntitiesMP/Bullet.es
[374/544] Generating ../../Gen/EntitiesMP/CannonBall.cpp
Compiling /root/Serious-Sam-Android/Serious-Engine/Sources/EntitiesMP/CannonBall.es
[375/544] Generating ../../Gen/EntitiesMP/SpawnerProjectile.cpp
Compiling /root/Serious-Sam-Android/Serious-Engine/Sources/EntitiesMP/SpawnerProjectile.es
[376/544] Generating ../../Gen/EntitiesMP/Flame.cpp
Compiling /root/Serious-Sam-Android/Serious-Engine/Sources/EntitiesMP/Flame.es
[377/544] Generating ../../Gen/EntitiesMP/LarvaOffspring.cpp
Compiling /root/Serious-Sam-Android/Serious-Engine/Sources/EntitiesMP/LarvaOffspring.es
[378/544] Generating ../../Gen/EntitiesMP/Twister.cpp
Compiling /root/Serious-Sam-Android/Serious-Engine/Sources/EntitiesMP/Twister.es
[379/544] Generating ../../Gen/EntitiesMP/Global.cpp
Compiling /root/Serious-Sam-Android/Serious-Engine/Sources/EntitiesMP/Global.es
[380/544] Generating ../../Gen/EntitiesMP/Water.cpp
Compiling /root/Serious-Sam-Android/Serious-Engine/Sources/EntitiesMP/Water.es
[381/544] Generating ../../Gen/EntitiesMP/PlayerWeapons.cpp
Compiling /root/Serious-Sam-Android/Serious-Engine/Sources/EntitiesMP/PlayerWeapons.es
[382/544] Generating ../../Gen/EntitiesMP/Projectile.cpp
Compiling /root/Serious-Sam-Android/Serious-Engine/Sources/EntitiesMP/Projectile.es
[383/544] Generating ../../Gen/EntitiesMP/Player.cpp
Compiling /root/Serious-Sam-Android/Serious-Engine/Sources/EntitiesMP/Player.es
[384/544] Building CXX object Serious-Engine/Sources/EntitiesMP/CMakeFiles/EntitiesMP.dir/StdH/StdH.cpp.o
[385/544] Building CXX object Serious-Engine/Sources/EntitiesMP/CMakeFiles/EntitiesMP.dir/Common/EmanatingParticles.cpp.o
[386/544] Building CXX object Serious-Engine/Sources/EntitiesMP/CMakeFiles/EntitiesMP.dir/Common/PathFinding.cpp.o
[387/544] Building CXX object Serious-Engine/Sources/EntitiesMP/CMakeFiles/EntitiesMP.dir/__/__/Gen/EntitiesMP/NavigationMarker.cpp.o
[388/544] Building CXX object Serious-Engine/Sources/EntitiesMP/CMakeFiles/EntitiesMP.dir/__/__/Gen/EntitiesMP/PlayerActionMarker.cpp.o
[389/544] Building CXX object Serious-Engine/Sources/EntitiesMP/CMakeFiles/EntitiesMP.dir/__/__/Gen/EntitiesMP/Reminder.cpp.o
[390/544] Building CXX object Serious-Engine/Sources/EntitiesMP/CMakeFiles/EntitiesMP.dir/__/__/Gen/EntitiesMP/Spinner.cpp.o
[391/544] Building CXX object Serious-Engine/Sources/EntitiesMP/CMakeFiles/EntitiesMP.dir/__/__/Gen/EntitiesMP/TacticsChanger.cpp.o
[392/544] Building CXX object Serious-Engine/Sources/EntitiesMP/CMakeFiles/EntitiesMP.dir/__/__/Gen/EntitiesMP/TacticsHolder.cpp.o
[393/544] Building CXX object Serious-Engine/Sources/EntitiesMP/CMakeFiles/EntitiesMP.dir/Common/HUD.cpp.o
[394/544] Building CXX object Serious-Engine/Sources/EntitiesMP/CMakeFiles/EntitiesMP.dir/__/__/Gen/EntitiesMP/PlayerAnimator.cpp.o
[395/544] Building CXX object Serious-Engine/Sources/EntitiesMP/CMakeFiles/EntitiesMP.dir/__/__/Gen/EntitiesMP/Watcher.cpp.o
[396/544] Building CXX object Serious-Engine/Sources/EntitiesMP/CMakeFiles/EntitiesMP.dir/__/__/Gen/EntitiesMP/WatchPlayers.cpp.o
[397/544] Building CXX object Serious-Engine/Sources/EntitiesMP/CMakeFiles/EntitiesMP.dir/__/__/Gen/EntitiesMP/Bouncer.cpp.o
[398/544] Building CXX object Serious-Engine/Sources/EntitiesMP/CMakeFiles/EntitiesMP.dir/Common/Common.cpp.o
[399/544] Building CXX object Serious-Engine/Sources/EntitiesMP/CMakeFiles/EntitiesMP.dir/__/__/Gen/EntitiesMP/DestroyableArchitecture.cpp.o
[400/544] Building CXX object Serious-Engine/Sources/EntitiesMP/CMakeFiles/EntitiesMP.dir/__/__/Gen/EntitiesMP/MovingBrushMarker.cpp.o
[401/544] Building CXX object Serious-Engine/Sources/EntitiesMP/CMakeFiles/EntitiesMP.dir/__/__/Gen/EntitiesMP/Terrain.cpp.o
[402/544] Building CXX object Serious-Engine/Sources/EntitiesMP/CMakeFiles/EntitiesMP.dir/__/__/Gen/EntitiesMP/Pendulum.cpp.o
[403/544] Building CXX object Serious-Engine/Sources/EntitiesMP/CMakeFiles/EntitiesMP.dir/__/__/Gen/EntitiesMP/ShipMarker.cpp.o
[404/544] Building CXX object Serious-Engine/Sources/EntitiesMP/CMakeFiles/EntitiesMP.dir/__/__/Gen/EntitiesMP/MovingBrush.cpp.o
[405/544] Building CXX object Serious-Engine/Sources/EntitiesMP/CMakeFiles/EntitiesMP.dir/__/__/Gen/EntitiesMP/BlendController.cpp.o
[406/544] Building CXX object Serious-Engine/Sources/EntitiesMP/CMakeFiles/EntitiesMP.dir/__/__/Gen/EntitiesMP/Ship.cpp.o
[407/544] Building CXX object Serious-Engine/Sources/EntitiesMP/CMakeFiles/EntitiesMP.dir/__/__/Gen/EntitiesMP/BloodSpray.cpp.o
[408/544] Building CXX object Serious-Engine/Sources/EntitiesMP/CMakeFiles/EntitiesMP.dir/__/__/Gen/EntitiesMP/Debris.cpp.o
[409/544] Building CXX object Serious-Engine/Sources/EntitiesMP/CMakeFiles/EntitiesMP.dir/__/__/Gen/EntitiesMP/EffectMarker.cpp.o
/root/Serious-Sam-Android/Serious-Engine/Sources/EntitiesMP/EffectMarker.es:85:6: warning: comparison of two values with different enumeration types in switch statement ('enum BasicEffectType' and 'EffectMarkerType') [-Wenum-compare-switch]
case EMT_BASIC_EFFECT : 
     ^~~~~~~~~~~~~~~~
1 warning generated.
[410/544] Building CXX object Serious-Engine/Sources/EntitiesMP/CMakeFiles/EntitiesMP.dir/__/__/Gen/EntitiesMP/BasicEffects.cpp.o
[411/544] Building CXX object Serious-Engine/Sources/EntitiesMP/CMakeFiles/EntitiesMP.dir/Common/Particles.cpp.o
[412/544] Building CXX object Serious-Engine/Sources/EntitiesMP/CMakeFiles/EntitiesMP.dir/__/__/Gen/EntitiesMP/Fireworks.cpp.o
[413/544] Building CXX object Serious-Engine/Sources/EntitiesMP/CMakeFiles/EntitiesMP.dir/__/__/Gen/EntitiesMP/Effector.cpp.o
[414/544] Building CXX object Serious-Engine/Sources/EntitiesMP/CMakeFiles/EntitiesMP.dir/__/__/Gen/EntitiesMP/Lightning.cpp.o
[415/544] Building CXX object Serious-Engine/Sources/EntitiesMP/CMakeFiles/EntitiesMP.dir/__/__/Gen/EntitiesMP/PhotoAlbum.cpp.o
[416/544] Building CXX object Serious-Engine/Sources/EntitiesMP/CMakeFiles/EntitiesMP.dir/__/__/Gen/EntitiesMP/WorldBase.cpp.o
[417/544] Building CXX object Serious-Engine/Sources/EntitiesMP/CMakeFiles/EntitiesMP.dir/__/__/Gen/EntitiesMP/MeteorShower.cpp.o
[418/544] Building CXX object Serious-Engine/Sources/EntitiesMP/CMakeFiles/EntitiesMP.dir/__/__/Gen/EntitiesMP/PyramidSpaceShipMarker.cpp.o
[419/544] Building CXX object Serious-Engine/Sources/EntitiesMP/CMakeFiles/EntitiesMP.dir/__/__/Gen/EntitiesMP/RollingStone.cpp.o
[420/544] Building CXX object Serious-Engine/Sources/EntitiesMP/CMakeFiles/EntitiesMP.dir/__/__/Gen/EntitiesMP/StormController.cpp.o
[421/544] Building CXX object Serious-Engine/Sources/EntitiesMP/CMakeFiles/EntitiesMP.dir/__/__/Gen/EntitiesMP/TimeController.cpp.o
[422/544] Building CXX object Serious-Engine/Sources/EntitiesMP/CMakeFiles/EntitiesMP.dir/__/__/Gen/EntitiesMP/WorldSettingsController.cpp.o
[423/544] Building CXX object Serious-Engine/Sources/EntitiesMP/CMakeFiles/EntitiesMP.dir/__/__/Gen/EntitiesMP/Beast.cpp.o
[424/544] Building CXX object Serious-Engine/Sources/EntitiesMP/CMakeFiles/EntitiesMP.dir/__/__/Gen/EntitiesMP/PyramidSpaceShip.cpp.o
[425/544] Building CXX object Serious-Engine/Sources/EntitiesMP/CMakeFiles/EntitiesMP.dir/__/__/Gen/EntitiesMP/BigHead.cpp.o
[426/544] Building CXX object Serious-Engine/Sources/EntitiesMP/CMakeFiles/EntitiesMP.dir/__/__/Gen/EntitiesMP/AirElemental.cpp.o
[427/544] Building CXX object Serious-Engine/Sources/EntitiesMP/CMakeFiles/EntitiesMP.dir/__/__/Gen/EntitiesMP/Boneman.cpp.o
[428/544] Building CXX object Serious-Engine/Sources/EntitiesMP/CMakeFiles/EntitiesMP.dir/__/__/Gen/EntitiesMP/CannonStatic.cpp.o
[429/544] Building CXX object Serious-Engine/Sources/EntitiesMP/CMakeFiles/EntitiesMP.dir/__/__/Gen/EntitiesMP/CannonRotating.cpp.o
[430/544] Building CXX object Serious-Engine/Sources/EntitiesMP/CMakeFiles/EntitiesMP.dir/__/__/Gen/EntitiesMP/ChainsawFreak.cpp.o
[431/544] Building CXX object Serious-Engine/Sources/EntitiesMP/CMakeFiles/EntitiesMP.dir/__/__/Gen/EntitiesMP/CrateRider.cpp.o
[432/544] Building CXX object Serious-Engine/Sources/EntitiesMP/CMakeFiles/EntitiesMP.dir/__/__/Gen/EntitiesMP/CrateBus.cpp.o
[433/544] Building CXX object Serious-Engine/Sources/EntitiesMP/CMakeFiles/EntitiesMP.dir/__/__/Gen/EntitiesMP/DevilMarker.cpp.o
[434/544] Building CXX object Serious-Engine/Sources/EntitiesMP/CMakeFiles/EntitiesMP.dir/__/__/Gen/EntitiesMP/Demon.cpp.o
[435/544] Building CXX object Serious-Engine/Sources/EntitiesMP/CMakeFiles/EntitiesMP.dir/__/__/Gen/EntitiesMP/EnemyCounter.cpp.o
[436/544] Building CXX object Serious-Engine/Sources/EntitiesMP/CMakeFiles/EntitiesMP.dir/__/__/Gen/EntitiesMP/EnemyMarker.cpp.o
[437/544] Building CXX object Serious-Engine/Sources/EntitiesMP/CMakeFiles/EntitiesMP.dir/__/__/Gen/EntitiesMP/EnemyFly.cpp.o
[438/544] Building CXX object Serious-Engine/Sources/EntitiesMP/CMakeFiles/EntitiesMP.dir/__/__/Gen/EntitiesMP/EnemyDive.cpp.o
[439/544] Building CXX object Serious-Engine/Sources/EntitiesMP/CMakeFiles/EntitiesMP.dir/__/__/Gen/EntitiesMP/EnemyRunInto.cpp.o
[440/544] Building CXX object Serious-Engine/Sources/EntitiesMP/CMakeFiles/EntitiesMP.dir/__/__/Gen/EntitiesMP/Elemental.cpp.o
[441/544] Building CXX object Serious-Engine/Sources/EntitiesMP/CMakeFiles/EntitiesMP.dir/__/__/Gen/EntitiesMP/ExotechLarvaCharger.cpp.o
[442/544] Building CXX object Serious-Engine/Sources/EntitiesMP/CMakeFiles/EntitiesMP.dir/__/__/Gen/EntitiesMP/EnemySpawner.cpp.o
[443/544] Building CXX object Serious-Engine/Sources/EntitiesMP/CMakeFiles/EntitiesMP.dir/__/__/Gen/EntitiesMP/ExotechLarvaBattery.cpp.o
[444/544] Building CXX object Serious-Engine/Sources/EntitiesMP/CMakeFiles/EntitiesMP.dir/__/__/Gen/EntitiesMP/Eyeman.cpp.o
[445/544] Building CXX object Serious-Engine/Sources/EntitiesMP/CMakeFiles/EntitiesMP.dir/__/__/Gen/EntitiesMP/Fish.cpp.o
[446/544] Building CXX object Serious-Engine/Sources/EntitiesMP/CMakeFiles/EntitiesMP.dir/__/__/Gen/EntitiesMP/Grunt.cpp.o
[447/544] Building CXX object Serious-Engine/Sources/EntitiesMP/CMakeFiles/EntitiesMP.dir/__/__/Gen/EntitiesMP/Gizmo.cpp.o
[448/544] Building CXX object Serious-Engine/Sources/EntitiesMP/CMakeFiles/EntitiesMP.dir/__/__/Gen/EntitiesMP/Guffy.cpp.o
[449/544] Building CXX object Serious-Engine/Sources/EntitiesMP/CMakeFiles/EntitiesMP.dir/__/__/Gen/EntitiesMP/ExotechLarva.cpp.o
[450/544] Building CXX object Serious-Engine/Sources/EntitiesMP/CMakeFiles/EntitiesMP.dir/__/__/Gen/EntitiesMP/GruntSka.cpp.o
[451/544] Building CXX object Serious-Engine/Sources/EntitiesMP/CMakeFiles/EntitiesMP.dir/__/__/Gen/EntitiesMP/Devil.cpp.o
[452/544] Building CXX object Serious-Engine/Sources/EntitiesMP/CMakeFiles/EntitiesMP.dir/__/__/Gen/EntitiesMP/EnemyBase.cpp.o
[453/544] Building CXX object Serious-Engine/Sources/EntitiesMP/CMakeFiles/EntitiesMP.dir/__/__/Gen/EntitiesMP/Santa.cpp.o
[454/544] Building CXX object Serious-Engine/Sources/EntitiesMP/CMakeFiles/EntitiesMP.dir/__/__/Gen/EntitiesMP/Headman.cpp.o
[455/544] Building CXX object Serious-Engine/Sources/EntitiesMP/CMakeFiles/EntitiesMP.dir/__/__/Gen/EntitiesMP/Scorpman.cpp.o
[456/544] Building CXX object Serious-Engine/Sources/EntitiesMP/CMakeFiles/EntitiesMP.dir/__/__/Gen/EntitiesMP/SummonerMarker.cpp.o
[457/544] Building CXX object Serious-Engine/Sources/EntitiesMP/CMakeFiles/EntitiesMP.dir/__/__/Gen/EntitiesMP/Shooter.cpp.o
[458/544] Building CXX object Serious-Engine/Sources/EntitiesMP/CMakeFiles/EntitiesMP.dir/__/__/Gen/EntitiesMP/Walker.cpp.o
[459/544] Building CXX object Serious-Engine/Sources/EntitiesMP/CMakeFiles/EntitiesMP.dir/__/__/Gen/EntitiesMP/Werebull.cpp.o
[460/544] Building CXX object Serious-Engine/Sources/EntitiesMP/CMakeFiles/EntitiesMP.dir/__/__/Gen/EntitiesMP/Woman.cpp.o
[461/544] Building CXX object Serious-Engine/Sources/EntitiesMP/CMakeFiles/EntitiesMP.dir/__/__/Gen/EntitiesMP/EnvironmentMarker.cpp.o
[462/544] Building CXX object Serious-Engine/Sources/EntitiesMP/CMakeFiles/EntitiesMP.dir/__/__/Gen/EntitiesMP/EnvironmentBase.cpp.o
[463/544] Building CXX object Serious-Engine/Sources/EntitiesMP/CMakeFiles/EntitiesMP.dir/__/__/Gen/EntitiesMP/EnvironmentParticlesHolder.cpp.o
[464/544] Building CXX object Serious-Engine/Sources/EntitiesMP/CMakeFiles/EntitiesMP.dir/__/__/Gen/EntitiesMP/AmmoItem.cpp.o
[465/544] Building CXX object Serious-Engine/Sources/EntitiesMP/CMakeFiles/EntitiesMP.dir/__/__/Gen/EntitiesMP/AmmoPack.cpp.o
[466/544] Building CXX object Serious-Engine/Sources/EntitiesMP/CMakeFiles/EntitiesMP.dir/__/__/Gen/EntitiesMP/ArmorItem.cpp.o
[467/544] Building CXX object Serious-Engine/Sources/EntitiesMP/CMakeFiles/EntitiesMP.dir/__/__/Gen/EntitiesMP/HealthItem.cpp.o
[468/544] Building CXX object Serious-Engine/Sources/EntitiesMP/CMakeFiles/EntitiesMP.dir/__/__/Gen/EntitiesMP/Item.cpp.o
[469/544] Building CXX object Serious-Engine/Sources/EntitiesMP/CMakeFiles/EntitiesMP.dir/__/__/Gen/EntitiesMP/MessageItem.cpp.o
[470/544] Building CXX object Serious-Engine/Sources/EntitiesMP/CMakeFiles/EntitiesMP.dir/__/__/Gen/EntitiesMP/Summoner.cpp.o
[471/544] Building CXX object Serious-Engine/Sources/EntitiesMP/CMakeFiles/EntitiesMP.dir/__/__/Gen/EntitiesMP/KeyItem.cpp.o
[472/544] Building CXX object Serious-Engine/Sources/EntitiesMP/CMakeFiles/EntitiesMP.dir/__/__/Gen/EntitiesMP/PowerUpItem.cpp.o
[473/544] Building CXX object Serious-Engine/Sources/EntitiesMP/CMakeFiles/EntitiesMP.dir/__/__/Gen/EntitiesMP/WeaponItem.cpp.o
[474/544] Building CXX object Serious-Engine/Sources/EntitiesMP/CMakeFiles/EntitiesMP.dir/__/__/Gen/EntitiesMP/PlayerView.cpp.o
[475/544] Building CXX object Serious-Engine/Sources/EntitiesMP/CMakeFiles/EntitiesMP.dir/__/__/Gen/EntitiesMP/PlayerMarker.cpp.o
[476/544] Building CXX object Serious-Engine/Sources/EntitiesMP/CMakeFiles/EntitiesMP.dir/__/__/Gen/EntitiesMP/AnimationChanger.cpp.o
[477/544] Building CXX object Serious-Engine/Sources/EntitiesMP/CMakeFiles/EntitiesMP.dir/__/__/Gen/EntitiesMP/PlayerWeaponsEffects.cpp.o
[478/544] Building CXX object Serious-Engine/Sources/EntitiesMP/CMakeFiles/EntitiesMP.dir/__/__/Gen/EntitiesMP/AnimationHub.cpp.o
[479/544] Building CXX object Serious-Engine/Sources/EntitiesMP/CMakeFiles/EntitiesMP.dir/__/__/Gen/EntitiesMP/BackgroundViewer.cpp.o
[480/544] Building CXX object Serious-Engine/Sources/EntitiesMP/CMakeFiles/EntitiesMP.dir/__/__/Gen/EntitiesMP/AreaMarker.cpp.o
[481/544] Building CXX object Serious-Engine/Sources/EntitiesMP/CMakeFiles/EntitiesMP.dir/__/__/Gen/EntitiesMP/Copier.cpp.o
[482/544] Building CXX object Serious-Engine/Sources/EntitiesMP/CMakeFiles/EntitiesMP.dir/__/__/Gen/EntitiesMP/CameraMarker.cpp.o
[483/544] Building CXX object Serious-Engine/Sources/EntitiesMP/CMakeFiles/EntitiesMP.dir/__/__/Gen/EntitiesMP/Counter.cpp.o
[484/544] Building CXX object Serious-Engine/Sources/EntitiesMP/CMakeFiles/EntitiesMP.dir/__/__/Gen/EntitiesMP/Damager.cpp.o
[485/544] Building CXX object Serious-Engine/Sources/EntitiesMP/CMakeFiles/EntitiesMP.dir/__/__/Gen/EntitiesMP/Camera.cpp.o
[486/544] Building CXX object Serious-Engine/Sources/EntitiesMP/CMakeFiles/EntitiesMP.dir/__/__/Gen/EntitiesMP/CreditsHolder.cpp.o
[487/544] Building CXX object Serious-Engine/Sources/EntitiesMP/CMakeFiles/EntitiesMP.dir/__/__/Gen/EntitiesMP/DebugEntityStatesDisplay.cpp.o
[488/544] Building CXX object Serious-Engine/Sources/EntitiesMP/CMakeFiles/EntitiesMP.dir/__/__/Gen/EntitiesMP/DoorController.cpp.o
[489/544] Building CXX object Serious-Engine/Sources/EntitiesMP/CMakeFiles/EntitiesMP.dir/__/__/Gen/EntitiesMP/FogMarker.cpp.o
[490/544] Building CXX object Serious-Engine/Sources/EntitiesMP/CMakeFiles/EntitiesMP.dir/__/__/Gen/EntitiesMP/GradientMarker.cpp.o
[491/544] Building CXX object Serious-Engine/Sources/EntitiesMP/CMakeFiles/EntitiesMP.dir/__/__/Gen/EntitiesMP/Eruptor.cpp.o
[492/544] Building CXX object Serious-Engine/Sources/EntitiesMP/CMakeFiles/EntitiesMP.dir/__/__/Gen/EntitiesMP/GravityMarker.cpp.o
[493/544] Building CXX object Serious-Engine/Sources/EntitiesMP/CMakeFiles/EntitiesMP.dir/__/__/Gen/EntitiesMP/GravityRouter.cpp.o
[494/544] Building CXX object Serious-Engine/Sources/EntitiesMP/CMakeFiles/EntitiesMP.dir/__/__/Gen/EntitiesMP/HazeMarker.cpp.o
[495/544] Building CXX object Serious-Engine/Sources/EntitiesMP/CMakeFiles/EntitiesMP.dir/__/__/Gen/EntitiesMP/HudPicHolder.cpp.o
[496/544] Building CXX object Serious-Engine/Sources/EntitiesMP/CMakeFiles/EntitiesMP.dir/__/__/Gen/EntitiesMP/MessageHolder.cpp.o
[497/544] Building CXX object Serious-Engine/Sources/EntitiesMP/CMakeFiles/EntitiesMP.dir/__/__/Gen/EntitiesMP/Light.cpp.o
[498/544] Building CXX object Serious-Engine/Sources/EntitiesMP/CMakeFiles/EntitiesMP.dir/__/__/Gen/EntitiesMP/MirrorMarker.cpp.o
[499/544] Building CXX object Serious-Engine/Sources/EntitiesMP/CMakeFiles/EntitiesMP.dir/__/__/Gen/EntitiesMP/Marker.cpp.o
[500/544] Building CXX object Serious-Engine/Sources/EntitiesMP/CMakeFiles/EntitiesMP.dir/__/__/Gen/EntitiesMP/ModelDestruction.cpp.o
[501/544] Building CXX object Serious-Engine/Sources/EntitiesMP/CMakeFiles/EntitiesMP.dir/__/__/Gen/EntitiesMP/ModelHolder.cpp.o
[502/544] Building CXX object Serious-Engine/Sources/EntitiesMP/CMakeFiles/EntitiesMP.dir/__/__/Gen/EntitiesMP/MusicChanger.cpp.o
[503/544] Building CXX object Serious-Engine/Sources/EntitiesMP/CMakeFiles/EntitiesMP.dir/__/__/Gen/EntitiesMP/PlayerWeapons.cpp.o
[504/544] Building CXX object Serious-Engine/Sources/EntitiesMP/CMakeFiles/EntitiesMP.dir/__/__/Gen/EntitiesMP/ModelHolder3.cpp.o
[505/544] Building CXX object Serious-Engine/Sources/EntitiesMP/CMakeFiles/EntitiesMP.dir/__/__/Gen/EntitiesMP/MusicHolder.cpp.o
[506/544] Building CXX object Serious-Engine/Sources/EntitiesMP/CMakeFiles/EntitiesMP.dir/__/__/Gen/EntitiesMP/ModelHolder2.cpp.o
[507/544] Building CXX object Serious-Engine/Sources/EntitiesMP/CMakeFiles/EntitiesMP.dir/__/__/Gen/EntitiesMP/ParticlesHolder.cpp.o
[508/544] Building CXX object Serious-Engine/Sources/EntitiesMP/CMakeFiles/EntitiesMP.dir/__/__/Gen/EntitiesMP/Teleport.cpp.o
[509/544] Building CXX object Serious-Engine/Sources/EntitiesMP/CMakeFiles/EntitiesMP.dir/__/__/Gen/EntitiesMP/ScrollHolder.cpp.o
[510/544] Building CXX object Serious-Engine/Sources/EntitiesMP/CMakeFiles/EntitiesMP.dir/__/__/Gen/EntitiesMP/SoundHolder.cpp.o
[511/544] Building CXX object Serious-Engine/Sources/EntitiesMP/CMakeFiles/EntitiesMP.dir/__/__/Gen/EntitiesMP/Switch.cpp.o
[512/544] Building CXX object Serious-Engine/Sources/EntitiesMP/CMakeFiles/EntitiesMP.dir/__/__/Gen/EntitiesMP/TextFXHolder.cpp.o
[513/544] Building CXX object Serious-Engine/Sources/EntitiesMP/CMakeFiles/EntitiesMP.dir/__/__/Gen/EntitiesMP/WorldLink.cpp.o
[514/544] Building CXX object Serious-Engine/Sources/EntitiesMP/CMakeFiles/EntitiesMP.dir/__/__/Gen/EntitiesMP/TouchField.cpp.o
[515/544] Building CXX object Serious-Engine/Sources/EntitiesMP/CMakeFiles/EntitiesMP.dir/__/__/Gen/EntitiesMP/VoiceHolder.cpp.o
[516/544] Building CXX object Serious-Engine/Sources/EntitiesMP/CMakeFiles/EntitiesMP.dir/__/__/Gen/EntitiesMP/Trigger.cpp.o
[517/544] Building CXX object Serious-Engine/Sources/EntitiesMP/CMakeFiles/EntitiesMP.dir/__/__/Gen/EntitiesMP/Bullet.cpp.o
[518/544] Building CXX object Serious-Engine/Sources/EntitiesMP/CMakeFiles/EntitiesMP.dir/__/__/Gen/EntitiesMP/AirShockwave.cpp.o
[519/544] Building CXX object Serious-Engine/Sources/EntitiesMP/CMakeFiles/EntitiesMP.dir/__/__/Gen/EntitiesMP/Flame.cpp.o
[520/544] Building CXX object Serious-Engine/Sources/EntitiesMP/CMakeFiles/EntitiesMP.dir/__/__/Gen/EntitiesMP/SeriousBomb.cpp.o
[521/544] Building CXX object Serious-Engine/Sources/EntitiesMP/CMakeFiles/EntitiesMP.dir/__/__/Gen/EntitiesMP/DevilProjectile.cpp.o
[522/544] Building CXX object Serious-Engine/Sources/EntitiesMP/CMakeFiles/EntitiesMP.dir/__/__/Gen/EntitiesMP/LarvaOffspring.cpp.o
[523/544] Building CXX object Serious-Engine/Sources/EntitiesMP/CMakeFiles/EntitiesMP.dir/__/__/Gen/EntitiesMP/CannonBall.cpp.o
[524/544] Building CXX object Serious-Engine/Sources/EntitiesMP/CMakeFiles/EntitiesMP.dir/__/__/Gen/EntitiesMP/SpawnerProjectile.cpp.o
[525/544] Building CXX object Serious-Engine/Sources/EntitiesMP/CMakeFiles/EntitiesMP.dir/__/__/Gen/EntitiesMP/Player.cpp.o
[526/544] Building CXX object Serious-Engine/Sources/EntitiesMP/CMakeFiles/EntitiesMP.dir/__/__/Gen/EntitiesMP/Water.cpp.o
[527/544] Building CXX object Serious-Engine/Sources/EntitiesMP/CMakeFiles/EntitiesMP.dir/__/__/Gen/EntitiesMP/Global.cpp.o
[528/544] Building CXX object Serious-Engine/Sources/GameMP/CMakeFiles/GameMP.dir/CompMessage.cpp.o
[529/544] Building CXX object Serious-Engine/Sources/EntitiesMP/CMakeFiles/EntitiesMP.dir/__/__/Gen/EntitiesMP/Twister.cpp.o
[530/544] Building CXX object Serious-Engine/Sources/GameMP/CMakeFiles/GameMP.dir/LCDDrawing.cpp.o
[531/544] Building CXX object Serious-Engine/Sources/GameMP/CMakeFiles/GameMP.dir/Map.cpp.o
[532/544] Building CXX object Serious-Engine/Sources/GameMP/CMakeFiles/GameMP.dir/Controls.cpp.o
[533/544] Building CXX object Serious-Engine/Sources/GameMP/CMakeFiles/GameMP.dir/Console.cpp.o
[534/544] Building CXX object Serious-Engine/Sources/EntitiesMP/CMakeFiles/EntitiesMP.dir/__/__/Gen/EntitiesMP/Projectile.cpp.o
[535/544] Building CXX object Serious-Engine/Sources/GameMP/CMakeFiles/GameMP.dir/LoadingHook.cpp.o
[536/544] Building CXX object Serious-Engine/Sources/GameMP/CMakeFiles/GameMP.dir/StdAfx.cpp.o
[537/544] Building CXX object Serious-Engine/Sources/GameMP/CMakeFiles/GameMP.dir/WEDInterface.cpp.o
[538/544] Building CXX object Serious-Engine/Sources/GameMP/CMakeFiles/GameMP.dir/Computer.cpp.o
[539/544] Building CXX object Serious-Engine/Sources/GameMP/CMakeFiles/GameMP.dir/SessionProperties.cpp.o
[540/544] Building CXX object Serious-Engine/Sources/GameMP/CMakeFiles/GameMP.dir/Camera.cpp.o
../../../../../Serious-Engine/Sources/GameMP/Camera.cpp:233:33: warning: binding dereferenced null pointer to reference has undefined behavior [-Wnull-dereference]
  RenderView(*pen->en_pwoWorld, *(CEntity*)NULL, prProjection, *pdp);
                                ^~~~~~~~~~~~~~~
1 warning generated.
[541/544] Linking CXX shared library ../../../../build/intermediates/cmake/release/obj/armeabi-v7a/libEntitiesMP.so
[542/544] Building CXX object Serious-Engine/Sources/GameMP/CMakeFiles/GameMP.dir/Game.cpp.o
[543/544] Building CXX object Serious-Engine/Sources/GameMP/CMakeFiles/GameMP.dir/CompModels.cpp.o
[544/544] Linking CXX shared library ../../../../build/intermediates/cmake/release/obj/armeabi-v7a/libGameMP.so
Build SeriousSam armeabi-v7a
[1/56] Building CXX object Serious-Engine/Sources/SeriousSam/CMakeFiles/SeriousSam.dir/GUI/Components/MGArrow.cpp.o
[2/56] Building CXX object Serious-Engine/Sources/SeriousSam/CMakeFiles/SeriousSam.dir/GUI/Components/MenuGadget.cpp.o
[3/56] Building CXX object Serious-Engine/Sources/SeriousSam/CMakeFiles/SeriousSam.dir/GUI/Components/MGChangePlayer.cpp.o
[4/56] Building CXX object Serious-Engine/Sources/SeriousSam/CMakeFiles/SeriousSam.dir/GUI/Components/MGButton.cpp.o
[5/56] Building CXX object Serious-Engine/Sources/SeriousSam/CMakeFiles/SeriousSam.dir/GUI/Components/MGEdit.cpp.o
[6/56] Building CXX object Serious-Engine/Sources/SeriousSam/CMakeFiles/SeriousSam.dir/GUI/Components/MGHighScore.cpp.o
[7/56] Building CXX object Serious-Engine/Sources/SeriousSam/CMakeFiles/SeriousSam.dir/GUI/Components/MGFileButton.cpp.o
[8/56] Building CXX object Serious-Engine/Sources/SeriousSam/CMakeFiles/SeriousSam.dir/GUI/Components/MGKeyDefinition.cpp.o
[9/56] Building CXX object Serious-Engine/Sources/SeriousSam/CMakeFiles/SeriousSam.dir/GUI/Components/MGLevelButton.cpp.o
[10/56] Building CXX object Serious-Engine/Sources/SeriousSam/CMakeFiles/SeriousSam.dir/GUI/Menus/MCustomizeKeyboard.cpp.o
[11/56] Building CXX object Serious-Engine/Sources/SeriousSam/CMakeFiles/SeriousSam.dir/GUI/Components/MGModel.cpp.o
[12/56] Building CXX object Serious-Engine/Sources/SeriousSam/CMakeFiles/SeriousSam.dir/GUI/Components/MGTitle.cpp.o
[13/56] Building CXX object Serious-Engine/Sources/SeriousSam/CMakeFiles/SeriousSam.dir/GUI/Components/MGSlider.cpp.o
[14/56] Building CXX object Serious-Engine/Sources/SeriousSam/CMakeFiles/SeriousSam.dir/GUI/Components/MGServerList.cpp.o
[15/56] Building CXX object Serious-Engine/Sources/SeriousSam/CMakeFiles/SeriousSam.dir/GUI/Components/MGTrigger.cpp.o
[16/56] Building CXX object Serious-Engine/Sources/SeriousSam/CMakeFiles/SeriousSam.dir/GUI/Components/MGVarButton.cpp.o
[17/56] Building CXX object Serious-Engine/Sources/SeriousSam/CMakeFiles/SeriousSam.dir/GUI/Menus/GameMenu.cpp.o
[18/56] Building CXX object Serious-Engine/Sources/SeriousSam/CMakeFiles/SeriousSam.dir/GUI/Menus/MConfirm.cpp.o
[19/56] Building CXX object Serious-Engine/Sources/SeriousSam/CMakeFiles/SeriousSam.dir/GUI/Menus/MAudioOptions.cpp.o
[20/56] Building CXX object Serious-Engine/Sources/SeriousSam/CMakeFiles/SeriousSam.dir/GUI/Menus/MControls.cpp.o
[21/56] Building CXX object Serious-Engine/Sources/SeriousSam/CMakeFiles/SeriousSam.dir/GUI/Menus/MDisabled.cpp.o
[22/56] Building CXX object Serious-Engine/Sources/SeriousSam/CMakeFiles/SeriousSam.dir/GUI/Menus/MCustomizeAxis.cpp.o
[23/56] Building CXX object Serious-Engine/Sources/SeriousSam/CMakeFiles/SeriousSam.dir/GUI/Menus/MenuStartersAF.cpp.o
[24/56] Building CXX object Serious-Engine/Sources/SeriousSam/CMakeFiles/SeriousSam.dir/GUI/Menus/MenuManager.cpp.o
[25/56] Building CXX object Serious-Engine/Sources/SeriousSam/CMakeFiles/SeriousSam.dir/GUI/Menus/MenuStuff.cpp.o
[26/56] Building CXX object Serious-Engine/Sources/SeriousSam/CMakeFiles/SeriousSam.dir/GUI/Menus/MHighScore.cpp.o
[27/56] Building CXX object Serious-Engine/Sources/SeriousSam/CMakeFiles/SeriousSam.dir/GUI/Menus/MenuPrinting.cpp.o
[28/56] Building CXX object Serious-Engine/Sources/SeriousSam/CMakeFiles/SeriousSam.dir/GUI/Menus/MInGame.cpp.o
[29/56] Building CXX object Serious-Engine/Sources/SeriousSam/CMakeFiles/SeriousSam.dir/GUI/Menus/MLevels.cpp.o
[30/56] Building CXX object Serious-Engine/Sources/SeriousSam/CMakeFiles/SeriousSam.dir/GUI/Menus/MenuActions.cpp.o
[31/56] Building CXX object Serious-Engine/Sources/SeriousSam/CMakeFiles/SeriousSam.dir/GUI/Menus/MMain.cpp.o
[32/56] Building CXX object Serious-Engine/Sources/SeriousSam/CMakeFiles/SeriousSam.dir/GUI/Menus/MNetwork.cpp.o
[33/56] Building CXX object Serious-Engine/Sources/SeriousSam/CMakeFiles/SeriousSam.dir/GUI/Menus/MNetworkJoin.cpp.o
[34/56] Building CXX object Serious-Engine/Sources/SeriousSam/CMakeFiles/SeriousSam.dir/GUI/Menus/MLoadSave.cpp.o
[35/56] Building CXX object Serious-Engine/Sources/SeriousSam/CMakeFiles/SeriousSam.dir/GUI/Menus/Menu.cpp.o
[36/56] Building CXX object Serious-Engine/Sources/SeriousSam/CMakeFiles/SeriousSam.dir/GUI/Menus/MNetworkStart.cpp.o
[37/56] Building CXX object Serious-Engine/Sources/SeriousSam/CMakeFiles/SeriousSam.dir/GUI/Menus/MNetworkOpen.cpp.o
[38/56] Building CXX object Serious-Engine/Sources/SeriousSam/CMakeFiles/SeriousSam.dir/GUI/Menus/MOptions.cpp.o
[39/56] Building CXX object Serious-Engine/Sources/SeriousSam/CMakeFiles/SeriousSam.dir/GUI/Menus/MSelectPlayers.cpp.o
[40/56] Building CXX object Serious-Engine/Sources/SeriousSam/CMakeFiles/SeriousSam.dir/GUI/Menus/MSinglePlayer.cpp.o
[41/56] Building CXX object Serious-Engine/Sources/SeriousSam/CMakeFiles/SeriousSam.dir/GUI/Menus/MPlayerProfile.cpp.o
[42/56] Building CXX object Serious-Engine/Sources/SeriousSam/CMakeFiles/SeriousSam.dir/GUI/Menus/MSinglePlayerNew.cpp.o
[43/56] Building CXX object Serious-Engine/Sources/SeriousSam/CMakeFiles/SeriousSam.dir/GUI/Menus/MServers.cpp.o
[44/56] Building CXX object Serious-Engine/Sources/SeriousSam/CMakeFiles/SeriousSam.dir/GUI/Menus/MSplitScreen.cpp.o
[45/56] Building CXX object Serious-Engine/Sources/SeriousSam/CMakeFiles/SeriousSam.dir/GUI/Menus/MVar.cpp.o
[46/56] Building CXX object Serious-Engine/Sources/SeriousSam/CMakeFiles/SeriousSam.dir/GUI/Menus/MSplitStart.cpp.o
[47/56] Building CXX object Serious-Engine/Sources/SeriousSam/CMakeFiles/SeriousSam.dir/GUI/Menus/MVideoOptions.cpp.o
[48/56] Building CXX object Serious-Engine/Sources/SeriousSam/CMakeFiles/SeriousSam.dir/LCDDrawing.cpp.o
[49/56] Building CXX object Serious-Engine/Sources/SeriousSam/CMakeFiles/SeriousSam.dir/Credits.cpp.o
[50/56] Building CXX object Serious-Engine/Sources/SeriousSam/CMakeFiles/SeriousSam.dir/CmdLine.cpp.o
[51/56] Building CXX object Serious-Engine/Sources/SeriousSam/CMakeFiles/SeriousSam.dir/GLSettings.cpp.o
[52/56] Building CXX object Serious-Engine/Sources/SeriousSam/CMakeFiles/SeriousSam.dir/LevelInfo.cpp.o
[53/56] Building CXX object Serious-Engine/Sources/SeriousSam/CMakeFiles/SeriousSam.dir/GUI/Menus/MenuStarters.cpp.o
[54/56] Building CXX object Serious-Engine/Sources/SeriousSam/CMakeFiles/SeriousSam.dir/VarList.cpp.o
[55/56] Building CXX object Serious-Engine/Sources/SeriousSam/CMakeFiles/SeriousSam.dir/SeriousSam.cpp.o
[56/56] Linking CXX shared library ../../../../build/intermediates/cmake/release/obj/armeabi-v7a/libSeriousSam.so
Build EntitiesMP armeabi-v7a
ninja: no work to do.
Build Engine armeabi-v7a
ninja: no work to do.
Build vorbis armeabi-v7a
ninja: no work to do.
Build amp11lib armeabi-v7a
ninja: no work to do.
Build SeriousSamNatives armeabi-v7a
[1/2] Building CXX object Serious-Engine/Sources/AndroidBindings/CMakeFiles/SeriousSamNatives.dir/bindings.cpp.o
[2/2] Linking CXX shared library ../../../../build/intermediates/cmake/release/obj/armeabi-v7a/libSeriousSamNatives.so
:app:compileReleaseSources
:app:lintVitalRelease
:app:mergeReleaseShaders
:app:compileReleaseShaders
:app:generateReleaseAssets
:app:mergeReleaseAssets
:app:transformClassesWithDexBuilderForRelease
:app:transformDexArchiveWithExternalLibsDexMergerForRelease
:app:transformDexArchiveWithDexMergerForRelease
:app:mergeReleaseJniLibFolders
:app:transformNativeLibsWithMergeJniLibsForRelease
:app:transformNativeLibsWithStripDebugSymbolForRelease
:app:checkReleaseLibraries
:app:processReleaseJavaRes NO-SOURCE
:app:transformResourcesWithMergeJavaResForRelease
:app:validateSigningRelease
:app:packageRelease
:app:assembleRelease

BUILD SUCCESSFUL in 53s
31 actionable tasks: 29 executed, 2 up-to-date
